[2026-04-06 14:04:36 : INFO] - Cache for term page with URL: https://www.adventistas.org/es/asociacionministerial/coleccion/audio-de-libros/  have been purged, triggered by action: edit_terms 
[2026-04-06 14:04:36 : INFO] - Cache for term page with URL: https://www.adventistas.org/es/asociacionministerial/coleccion/eventos/  have been purged, triggered by action: edit_terms 
[2026-04-06 14:04:36 : INFO] - Cache for term page with URL: https://www.adventistas.org/es/asociacionministerial/coleccion/featured/  have been purged, triggered by action: edit_terms 
[2026-04-06 14:04:36 : INFO] - Cache for term page with URL: https://www.adventistas.org/es/asociacionministerial/coleccion/fechas-especiales/  have been purged, triggered by action: edit_terms 
[2026-04-06 14:04:36 : INFO] - Cache for term page with URL: https://www.adventistas.org/es/asociacionministerial/coleccion/informativo-mundial-de-las-misiones-2otrim-2017/  have been purged, triggered by action: edit_terms 
[2026-04-06 14:04:36 : INFO] - Cache for term page with URL: https://www.adventistas.org/es/asociacionministerial/coleccion/noticias/  have been purged, triggered by action: edit_terms 
[2026-04-06 14:04:36 : INFO] - Cache for term page with URL: https://www.adventistas.org/es/asociacionministerial/coleccion/preferidos/  have been purged, triggered by action: edit_terms 
[2026-04-06 14:04:36 : INFO] - Cache for term page with URL: https://www.adventistas.org/es/asociacionministerial/coleccion/pretrimestral-1er-2017/  have been purged, triggered by action: edit_terms 
[2026-04-06 14:04:36 : INFO] - Cache for term page with URL: https://www.adventistas.org/es/asociacionministerial/coleccion/primero-dios/  have been purged, triggered by action: edit_terms 
[2026-04-06 14:04:36 : INFO] - Cache for term page with URL: https://www.adventistas.org/es/asociacionministerial/coleccion/promocional/  have been purged, triggered by action: edit_terms 
[2026-04-06 14:04:36 : INFO] - Cache for term page with URL: https://www.adventistas.org/es/asociacionministerial/coleccion/series/  have been purged, triggered by action: edit_terms 
[2026-04-06 14:04:36 : INFO] - Cache for term page with URL: https://www.adventistas.org/es/asociacionministerial/coleccion/series-estudios-biblicos/  have been purged, triggered by action: edit_terms 
[2026-04-06 14:04:36 : INFO] - Cache for term page with URL: https://www.adventistas.org/es/asociacionministerial/coleccion/sermon-mensual-de-fidelidad/  have been purged, triggered by action: edit_terms 
[2026-04-06 14:04:37 : INFO] - Cache for term page with URL: https://www.adventistas.org/es/asociacionministerial/coleccion/sermones/  have been purged, triggered by action: edit_terms 
[2026-04-06 14:04:37 : INFO] - Cache for term page with URL: https://www.adventistas.org/es/asociacionministerial/coleccion/testimonios/  have been purged, triggered by action: edit_terms 
[2026-04-06 14:04:37 : INFO] - Cache for term page with URL: https://www.adventistas.org/es/asociacionministerial/coleccion/videocasts/  have been purged, triggered by action: edit_terms 
[2026-04-06 14:04:37 : INFO] - Cache for term page with URL: https://www.adventistas.org/es/asociacionministerial/coleccion/videochats/  have been purged, triggered by action: edit_terms 
[2026-04-06 14:04:37 : INFO] - Cache for term page with URL: https://www.adventistas.org/es/asociacionministerial/coleccion/videos-musicales/  have been purged, triggered by action: edit_terms 
[2026-04-06 14:04:37 : INFO] - Cache for term page with URL: https://www.adventistas.org/es/asociacionministerial/coleccion/vinetas/  have been purged, triggered by action: edit_terms 
[2026-04-06 14:04:37 : INFO] - Cache for term page with URL: https://www.adventistas.org/es/asociacionministerial/coleccion/0-dias-de-oracion-y-10-horas-de-ayuno/  have been purged, triggered by action: edit_terms 
[2026-04-06 14:04:37 : INFO] - Cache for term page with URL: https://www.adventistas.org/es/asociacionministerial/coleccion/160-anos-de-la-escuela-sabatica/  have been purged, triggered by action: edit_terms 
[2026-04-06 14:04:37 : INFO] - Cache for term page with URL: https://www.adventistas.org/es/asociacionministerial/coleccion/adra-ninos/  have been purged, triggered by action: edit_terms 
[2026-04-06 14:04:37 : INFO] - Cache for term page with URL: https://www.adventistas.org/es/asociacionministerial/coleccion/amigos-y-hermanos/  have been purged, triggered by action: edit_terms 
[2026-04-06 14:04:37 : INFO] - Cache for term page with URL: https://www.adventistas.org/es/asociacionministerial/coleccion/asn-tv/  have been purged, triggered by action: edit_terms 
[2026-04-06 14:04:37 : INFO] - Cache for term page with URL: https://www.adventistas.org/es/asociacionministerial/coleccion/biblia-facil-daniel/  have been purged, triggered by action: edit_terms 
[2026-04-06 14:04:37 : INFO] - Cache for term page with URL: https://www.adventistas.org/es/asociacionministerial/coleccion/cambio-de-actitud/  have been purged, triggered by action: edit_terms 
[2026-04-06 14:04:37 : INFO] - Cache for term page with URL: https://www.adventistas.org/es/asociacionministerial/coleccion/camporitv-2014/  have been purged, triggered by action: edit_terms 
[2026-04-06 14:04:37 : INFO] - Cache for term page with URL: https://www.adventistas.org/es/asociacionministerial/coleccion/capacitacion-teologica-para-lideres/  have been purged, triggered by action: edit_terms 
[2026-04-06 14:04:37 : INFO] - Cache for term page with URL: https://www.adventistas.org/es/asociacionministerial/coleccion/capsulas-de-salud/  have been purged, triggered by action: edit_terms 
[2026-04-06 14:04:37 : INFO] - Cache for term page with URL: https://www.adventistas.org/es/asociacionministerial/coleccion/centenario-elena-g-white/  have been purged, triggered by action: edit_terms 
[2026-04-06 14:04:37 : INFO] - Cache for term page with URL: https://www.adventistas.org/es/asociacionministerial/coleccion/ciclo-de-discipulado-fase-2/  have been purged, triggered by action: edit_terms 
[2026-04-06 14:04:37 : INFO] - Cache for term page with URL: https://www.adventistas.org/es/asociacionministerial/coleccion/conectados-entrenamiento-para-adolescentes/  have been purged, triggered by action: edit_terms 
[2026-04-06 14:04:37 : INFO] - Cache for term page with URL: https://www.adventistas.org/es/asociacionministerial/coleccion/cuenta-regresiva-2012/  have been purged, triggered by action: edit_terms 
[2026-04-06 14:04:37 : INFO] - Cache for term page with URL: https://www.adventistas.org/es/asociacionministerial/coleccion/cuenta-regresiva-2013/  have been purged, triggered by action: edit_terms 
[2026-04-06 14:04:37 : INFO] - Cache for term page with URL: https://www.adventistas.org/es/asociacionministerial/coleccion/culto-joven-promocional/  have been purged, triggered by action: edit_terms 
[2026-04-06 14:04:37 : INFO] - Cache for term page with URL: https://www.adventistas.org/es/asociacionministerial/coleccion/curso-de-liderazgo-nivel-3/  have been purged, triggered by action: edit_terms 
[2026-04-06 14:04:37 : INFO] - Cache for term page with URL: https://www.adventistas.org/es/asociacionministerial/coleccion/curso-de-liderazgo/  have been purged, triggered by action: edit_terms 
[2026-04-06 14:04:37 : INFO] - Cache for term page with URL: https://www.adventistas.org/es/asociacionministerial/coleccion/curso-de-liderazgo-para-adolescentes/  have been purged, triggered by action: edit_terms 
[2026-04-06 14:04:37 : INFO] - Cache for term page with URL: https://www.adventistas.org/es/asociacionministerial/coleccion/curso-de-liderazgo-para-mujeres/  have been purged, triggered by action: edit_terms 
[2026-04-06 14:04:37 : INFO] - Cache for term page with URL: https://www.adventistas.org/es/asociacionministerial/coleccion/descifrando-el-futuro/  have been purged, triggered by action: edit_terms 
[2026-04-06 14:04:37 : INFO] - Cache for term page with URL: https://www.adventistas.org/es/asociacionministerial/coleccion/dia-del-pastor/  have been purged, triggered by action: edit_terms 
[2026-04-06 14:04:37 : INFO] - Cache for term page with URL: https://www.adventistas.org/es/asociacionministerial/coleccion/el-rescate-de-la-verdad/  have been purged, triggered by action: edit_terms 
[2026-04-06 14:04:37 : INFO] - Cache for term page with URL: https://www.adventistas.org/es/asociacionministerial/coleccion/el-santuario/  have been purged, triggered by action: edit_terms 
[2026-04-06 14:04:37 : INFO] - Cache for term page with URL: https://www.adventistas.org/es/asociacionministerial/coleccion/el-villano-de-la-semana/  have been purged, triggered by action: edit_terms 
[2026-04-06 14:04:37 : INFO] - Cache for term page with URL: https://www.adventistas.org/es/asociacionministerial/coleccion/encuentro-de-padres/  have been purged, triggered by action: edit_terms 
[2026-04-06 14:04:37 : INFO] - Cache for term page with URL: https://www.adventistas.org/es/asociacionministerial/coleccion/encuentro-de-padres-2012/  have been purged, triggered by action: edit_terms 
[2026-04-06 14:04:37 : INFO] - Cache for term page with URL: https://www.adventistas.org/es/asociacionministerial/coleccion/encuentro-de-padres-2013/  have been purged, triggered by action: edit_terms 
[2026-04-06 14:04:37 : INFO] - Cache for term page with URL: https://www.adventistas.org/es/asociacionministerial/coleccion/encuentro-de-padres-2014/  have been purged, triggered by action: edit_terms 
[2026-04-06 14:04:37 : INFO] - Cache for term page with URL: https://www.adventistas.org/es/asociacionministerial/coleccion/encuentro-de-padres-2015/  have been purged, triggered by action: edit_terms 
[2026-04-06 14:04:37 : INFO] - Cache for term page with URL: https://www.adventistas.org/es/asociacionministerial/coleccion/entrenamiento-feria-de-salud/  have been purged, triggered by action: edit_terms 
[2026-04-06 14:04:37 : INFO] - Cache for term page with URL: https://www.adventistas.org/es/asociacionministerial/coleccion/escuela-sabatica/  have been purged, triggered by action: edit_terms 
[2026-04-06 14:04:37 : INFO] - Cache for term page with URL: https://www.adventistas.org/es/asociacionministerial/coleccion/eslabones-de-gracia/  have been purged, triggered by action: edit_terms 
[2026-04-06 14:04:37 : INFO] - Cache for term page with URL: https://www.adventistas.org/es/asociacionministerial/coleccion/evangelismo-publico-de-cosecha/  have been purged, triggered by action: edit_terms 
[2026-04-06 14:04:37 : INFO] - Cache for term page with URL: https://www.adventistas.org/es/asociacionministerial/coleccion/evangelismo-via-satelite-2/  have been purged, triggered by action: edit_terms 
[2026-04-06 14:04:37 : INFO] - Cache for term page with URL: https://www.adventistas.org/es/asociacionministerial/coleccion/familias-blindadas-2013/  have been purged, triggered by action: edit_terms 
[2026-04-06 14:04:37 : INFO] - Cache for term page with URL: https://www.adventistas.org/es/asociacionministerial/coleccion/finanzas-hogar-y-familia/  have been purged, triggered by action: edit_terms 
[2026-04-06 14:04:37 : INFO] - Cache for term page with URL: https://www.adventistas.org/es/asociacionministerial/coleccion/gain-2013/  have been purged, triggered by action: edit_terms 
[2026-04-06 14:04:37 : INFO] - Cache for term page with URL: https://www.adventistas.org/es/asociacionministerial/coleccion/gente-como-jesus/  have been purged, triggered by action: edit_terms 
[2026-04-06 14:04:37 : INFO] - Cache for term page with URL: https://www.adventistas.org/es/asociacionministerial/coleccion/grupos-pequenos-prototipo/  have been purged, triggered by action: edit_terms 
[2026-04-06 14:04:37 : INFO] - Cache for term page with URL: https://www.adventistas.org/es/asociacionministerial/coleccion/guia-de-estudio-mision-caleb/  have been purged, triggered by action: edit_terms 
[2026-04-06 14:04:37 : INFO] - Cache for term page with URL: https://www.adventistas.org/es/asociacionministerial/coleccion/hablando-esperanza/  have been purged, triggered by action: edit_terms 
[2026-04-06 14:04:37 : INFO] - Cache for term page with URL: https://www.adventistas.org/es/asociacionministerial/coleccion/i-trimestre-2012/  have been purged, triggered by action: edit_terms 
[2026-04-06 14:04:37 : INFO] - Cache for term page with URL: https://www.adventistas.org/es/asociacionministerial/coleccion/i-trimestre-2013/  have been purged, triggered by action: edit_terms 
[2026-04-06 14:04:37 : INFO] - Cache for term page with URL: https://www.adventistas.org/es/asociacionministerial/coleccion/i-trimestre-2014/  have been purged, triggered by action: edit_terms 
[2026-04-06 14:04:37 : INFO] - Cache for term page with URL: https://www.adventistas.org/es/asociacionministerial/coleccion/i-trimestre-2015/  have been purged, triggered by action: edit_terms 
[2026-04-06 14:04:37 : INFO] - Cache for term page with URL: https://www.adventistas.org/es/asociacionministerial/coleccion/i-trimestre-2016/  have been purged, triggered by action: edit_terms 
[2026-04-06 14:04:37 : INFO] - Cache for term page with URL: https://www.adventistas.org/es/asociacionministerial/coleccion/i-will-go/  have been purged, triggered by action: edit_terms 
[2026-04-06 14:04:37 : INFO] - Cache for term page with URL: https://www.adventistas.org/es/asociacionministerial/coleccion/i-will-go-2013/  have been purged, triggered by action: edit_terms 
[2026-04-06 14:04:37 : INFO] - Cache for term page with URL: https://www.adventistas.org/es/asociacionministerial/coleccion/iglesia-receptiva/  have been purged, triggered by action: edit_terms 
[2026-04-06 14:04:38 : INFO] - Cache for term page with URL: https://www.adventistas.org/es/asociacionministerial/coleccion/ii-trimestre-2012/  have been purged, triggered by action: edit_terms 
[2026-04-06 14:04:38 : INFO] - Cache for term page with URL: https://www.adventistas.org/es/asociacionministerial/coleccion/ii-trimestre-2013/  have been purged, triggered by action: edit_terms 
[2026-04-06 14:04:38 : INFO] - Cache for term page with URL: https://www.adventistas.org/es/asociacionministerial/coleccion/ii-trimestre-2014/  have been purged, triggered by action: edit_terms 
[2026-04-06 14:04:38 : INFO] - Cache for term page with URL: https://www.adventistas.org/es/asociacionministerial/coleccion/ii-trimestre-2015/  have been purged, triggered by action: edit_terms 
[2026-04-06 14:04:38 : INFO] - Cache for term page with URL: https://www.adventistas.org/es/asociacionministerial/coleccion/ii-trimestre-2016/  have been purged, triggered by action: edit_terms 
[2026-04-06 14:04:38 : INFO] - Cache for term page with URL: https://www.adventistas.org/es/asociacionministerial/coleccion/iii-trimestre-2012/  have been purged, triggered by action: edit_terms 
[2026-04-06 14:04:38 : INFO] - Cache for term page with URL: https://www.adventistas.org/es/asociacionministerial/coleccion/iii-trimestre-2013/  have been purged, triggered by action: edit_terms 
[2026-04-06 14:04:38 : INFO] - Cache for term page with URL: https://www.adventistas.org/es/asociacionministerial/coleccion/iii-trimestre-2014/  have been purged, triggered by action: edit_terms 
[2026-04-06 14:04:38 : INFO] - Cache for term page with URL: https://www.adventistas.org/es/asociacionministerial/coleccion/iii-trimestre-2016/  have been purged, triggered by action: edit_terms 
[2026-04-06 14:04:38 : INFO] - Cache for term page with URL: https://www.adventistas.org/es/asociacionministerial/coleccion/iii-trimestre-de-2015/  have been purged, triggered by action: edit_terms 
[2026-04-06 14:04:38 : INFO] - Cache for term page with URL: https://www.adventistas.org/es/asociacionministerial/coleccion/informativo-mundial/  have been purged, triggered by action: edit_terms 
[2026-04-06 14:04:38 : INFO] - Cache for term page with URL: https://www.adventistas.org/es/asociacionministerial/coleccion/informativo-mundial-de-las-misiones-1otrim-2014/  have been purged, triggered by action: edit_terms 
[2026-04-06 14:04:38 : INFO] - Cache for term page with URL: https://www.adventistas.org/es/asociacionministerial/coleccion/informativo-mundial-de-las-misiones-1otrim-2015/  have been purged, triggered by action: edit_terms 
[2026-04-06 14:04:38 : INFO] - Cache for term page with URL: https://www.adventistas.org/es/asociacionministerial/coleccion/informativo-mundial-de-las-misiones-1otrim-2016/  have been purged, triggered by action: edit_terms 
[2026-04-06 14:04:38 : INFO] - Cache for term page with URL: https://www.adventistas.org/es/asociacionministerial/coleccion/informativo-mundial-misiones-2-tri-2013/  have been purged, triggered by action: edit_terms 
[2026-04-06 14:04:38 : INFO] - Cache for term page with URL: https://www.adventistas.org/es/asociacionministerial/coleccion/informativo-mundial-de-las-misiones-2otrim-2014/  have been purged, triggered by action: edit_terms 
[2026-04-06 14:04:38 : INFO] - Cache for term page with URL: https://www.adventistas.org/es/asociacionministerial/coleccion/informativo-mundial-de-las-misiones-2otrim-2016/  have been purged, triggered by action: edit_terms 
[2026-04-06 14:04:38 : INFO] - Cache for term page with URL: https://www.adventistas.org/es/asociacionministerial/coleccion/informativo-mundial-de-las-misiones-3otrim-2013/  have been purged, triggered by action: edit_terms 
[2026-04-06 14:04:38 : INFO] - Cache for term page with URL: https://www.adventistas.org/es/asociacionministerial/coleccion/informativo-mundial-de-las-misiones-3otrim-2014/  have been purged, triggered by action: edit_terms 
[2026-04-06 14:04:38 : INFO] - Cache for term page with URL: https://www.adventistas.org/es/asociacionministerial/coleccion/informativo-mundial-de-las-misiones-3otrim-2016/  have been purged, triggered by action: edit_terms 
[2026-04-06 14:04:38 : INFO] - Cache for term page with URL: https://www.adventistas.org/es/asociacionministerial/coleccion/informativo-mundial-de-las-misiones-4otrim-2013/  have been purged, triggered by action: edit_terms 
[2026-04-06 14:04:38 : INFO] - Cache for term page with URL: https://www.adventistas.org/es/asociacionministerial/coleccion/informativo-mundial-de-las-misiones-4otrim-2014/  have been purged, triggered by action: edit_terms 
[2026-04-06 14:04:38 : INFO] - Cache for term page with URL: https://www.adventistas.org/es/asociacionministerial/coleccion/informativo-mundial-de-las-misiones-4otrim-2015/  have been purged, triggered by action: edit_terms 
[2026-04-06 14:04:38 : INFO] - Cache for term page with URL: https://www.adventistas.org/es/asociacionministerial/coleccion/informativo-mundial-de-las-misiones-4otrim-2016/  have been purged, triggered by action: edit_terms 
[2026-04-06 14:04:38 : INFO] - Cache for term page with URL: https://www.adventistas.org/es/asociacionministerial/coleccion/invitacion-la-ultima-esperanza-2013/  have been purged, triggered by action: edit_terms 
[2026-04-06 14:04:38 : INFO] - Cache for term page with URL: https://www.adventistas.org/es/asociacionministerial/coleccion/iv-foro-de-grupos-pequenos/  have been purged, triggered by action: edit_terms 
[2026-04-06 14:04:38 : INFO] - Cache for term page with URL: https://www.adventistas.org/es/asociacionministerial/coleccion/iv-trimestre-2012/  have been purged, triggered by action: edit_terms 
[2026-04-06 14:04:38 : INFO] - Cache for term page with URL: https://www.adventistas.org/es/asociacionministerial/coleccion/iv-trimestre-2013/  have been purged, triggered by action: edit_terms 
[2026-04-06 14:04:38 : INFO] - Cache for term page with URL: https://www.adventistas.org/es/asociacionministerial/coleccion/iv-trimestre-2014/  have been purged, triggered by action: edit_terms 
[2026-04-06 14:04:38 : INFO] - Cache for term page with URL: https://www.adventistas.org/es/asociacionministerial/coleccion/iv-trimestre-2015/  have been purged, triggered by action: edit_terms 
[2026-04-06 14:04:38 : INFO] - Cache for term page with URL: https://www.adventistas.org/es/asociacionministerial/coleccion/iv-trimestre-2016/  have been purged, triggered by action: edit_terms 
[2026-04-06 14:04:38 : INFO] - Cache for term page with URL: https://www.adventistas.org/es/asociacionministerial/coleccion/la-biblia-habla/  have been purged, triggered by action: edit_terms 
[2026-04-06 14:04:38 : INFO] - Cache for term page with URL: https://www.adventistas.org/es/asociacionministerial/coleccion/la-ultima-esperanza-serie/  have been purged, triggered by action: edit_terms 
[2026-04-06 14:04:38 : INFO] - Cache for term page with URL: https://www.adventistas.org/es/asociacionministerial/coleccion/la-verdad/  have been purged, triggered by action: edit_terms 
[2026-04-06 14:04:38 : INFO] - Cache for term page with URL: https://www.adventistas.org/es/asociacionministerial/coleccion/mi-codigo-fuente/  have been purged, triggered by action: edit_terms 
[2026-04-06 14:04:38 : INFO] - Cache for term page with URL: https://www.adventistas.org/es/asociacionministerial/coleccion/ministerio-con-pasion/  have been purged, triggered by action: edit_terms 
[2026-04-06 14:04:38 : INFO] - Cache for term page with URL: https://www.adventistas.org/es/asociacionministerial/coleccion/mision-360o/  have been purged, triggered by action: edit_terms 
[2026-04-06 14:04:38 : INFO] - Cache for term page with URL: https://www.adventistas.org/es/asociacionministerial/coleccion/multiplicando-esperanza/  have been purged, triggered by action: edit_terms 
[2026-04-06 14:04:38 : INFO] - Cache for term page with URL: https://www.adventistas.org/es/asociacionministerial/coleccion/pretrimestral/  have been purged, triggered by action: edit_terms 
[2026-04-06 14:04:38 : INFO] - Cache for term page with URL: https://www.adventistas.org/es/asociacionministerial/coleccion/pretrimestral-1er-2014/  have been purged, triggered by action: edit_terms 
[2026-04-06 14:04:38 : INFO] - Cache for term page with URL: https://www.adventistas.org/es/asociacionministerial/coleccion/pretrimestral-1er-2015/  have been purged, triggered by action: edit_terms 
[2026-04-06 14:04:38 : INFO] - Cache for term page with URL: https://www.adventistas.org/es/asociacionministerial/coleccion/pretrimestral-1er-2016/  have been purged, triggered by action: edit_terms 
[2026-04-06 14:04:38 : INFO] - Cache for term page with URL: https://www.adventistas.org/es/asociacionministerial/coleccion/pretrimestral-2do-2014/  have been purged, triggered by action: edit_terms 
[2026-04-06 14:04:38 : INFO] - Cache for term page with URL: https://www.adventistas.org/es/asociacionministerial/coleccion/pretrimestral-2do-2015/  have been purged, triggered by action: edit_terms 
[2026-04-06 14:04:38 : INFO] - Cache for term page with URL: https://www.adventistas.org/es/asociacionministerial/coleccion/pretrimestral-2do-2016/  have been purged, triggered by action: edit_terms 
[2026-04-06 14:04:38 : INFO] - Cache for term page with URL: https://www.adventistas.org/es/asociacionministerial/coleccion/pretrimestral-3er-2013/  have been purged, triggered by action: edit_terms 
[2026-04-06 14:04:38 : INFO] - Cache for term page with URL: https://www.adventistas.org/es/asociacionministerial/coleccion/pretrimestral-3er-2014/  have been purged, triggered by action: edit_terms 
[2026-04-06 14:04:38 : INFO] - Cache for term page with URL: https://www.adventistas.org/es/asociacionministerial/coleccion/pretrimestral-3er-2015/  have been purged, triggered by action: edit_terms 
[2026-04-06 14:04:38 : INFO] - Cache for term page with URL: https://www.adventistas.org/es/asociacionministerial/coleccion/pretrimestral-4to-2013/  have been purged, triggered by action: edit_terms 
[2026-04-06 14:04:38 : INFO] - Cache for term page with URL: https://www.adventistas.org/es/asociacionministerial/coleccion/pretrimestral-4to-2014/  have been purged, triggered by action: edit_terms 
[2026-04-06 14:04:38 : INFO] - Cache for term page with URL: https://www.adventistas.org/es/asociacionministerial/coleccion/pretrimestral-4to-2015/  have been purged, triggered by action: edit_terms 
[2026-04-06 14:04:39 : INFO] - Cache for term page with URL: https://www.adventistas.org/es/asociacionministerial/coleccion/pretrimestral-4to-2016/  have been purged, triggered by action: edit_terms 
[2026-04-06 14:04:39 : INFO] - Cache for term page with URL: https://www.adventistas.org/es/asociacionministerial/coleccion/probad-y-ved/  have been purged, triggered by action: edit_terms 
[2026-04-06 14:04:39 : INFO] - Cache for term page with URL: https://www.adventistas.org/es/asociacionministerial/coleccion/probad-y-ved-2012/  have been purged, triggered by action: edit_terms 
[2026-04-06 14:04:39 : INFO] - Cache for term page with URL: https://www.adventistas.org/es/asociacionministerial/coleccion/probad-y-ved-2013/  have been purged, triggered by action: edit_terms 
[2026-04-06 14:04:39 : INFO] - Cache for term page with URL: https://www.adventistas.org/es/asociacionministerial/coleccion/probad-y-ved-2014/  have been purged, triggered by action: edit_terms 
[2026-04-06 14:04:39 : INFO] - Cache for term page with URL: https://www.adventistas.org/es/asociacionministerial/coleccion/probad-y-ved-2015/  have been purged, triggered by action: edit_terms 
[2026-04-06 14:04:39 : INFO] - Cache for term page with URL: https://www.adventistas.org/es/asociacionministerial/coleccion/probad-y-ved-2016/  have been purged, triggered by action: edit_terms 
[2026-04-06 14:04:39 : INFO] - Cache for term page with URL: https://www.adventistas.org/es/asociacionministerial/coleccion/probad-y-ved-2017/  have been purged, triggered by action: edit_terms 
[2026-04-06 14:04:39 : INFO] - Cache for term page with URL: https://www.adventistas.org/es/asociacionministerial/coleccion/adoracion-en-familia-2013/  have been purged, triggered by action: edit_terms 
[2026-04-06 14:04:39 : INFO] - Cache for term page with URL: https://www.adventistas.org/es/asociacionministerial/coleccion/programa-adoracion-en-familia-2014/  have been purged, triggered by action: edit_terms 
[2026-04-06 14:04:39 : INFO] - Cache for term page with URL: https://www.adventistas.org/es/asociacionministerial/coleccion/programa-adoracion-en-familia-2015/  have been purged, triggered by action: edit_terms 
[2026-04-06 14:04:39 : INFO] - Cache for term page with URL: https://www.adventistas.org/es/asociacionministerial/coleccion/programa-adoracion-en-familia-2016/  have been purged, triggered by action: edit_terms 
[2026-04-06 14:04:39 : INFO] - Cache for term page with URL: https://www.adventistas.org/es/asociacionministerial/coleccion/reavivados-por-su-palabra/  have been purged, triggered by action: edit_terms 
[2026-04-06 14:04:39 : INFO] - Cache for term page with URL: https://www.adventistas.org/es/asociacionministerial/coleccion/reencuentro/  have been purged, triggered by action: edit_terms 
[2026-04-06 14:04:39 : INFO] - Cache for term page with URL: https://www.adventistas.org/es/asociacionministerial/coleccion/reencuentro-2015/  have been purged, triggered by action: edit_terms 
[2026-04-06 14:04:39 : INFO] - Cache for term page with URL: https://www.adventistas.org/es/asociacionministerial/coleccion/reencuentro-2016/  have been purged, triggered by action: edit_terms 
[2026-04-06 14:04:39 : INFO] - Cache for term page with URL: https://www.adventistas.org/es/asociacionministerial/coleccion/revista-nt/  have been purged, triggered by action: edit_terms 
[2026-04-06 14:04:39 : INFO] - Cache for term page with URL: https://www.adventistas.org/es/asociacionministerial/coleccion/rompiendo-el-silencio/  have been purged, triggered by action: edit_terms 
[2026-04-06 14:04:39 : INFO] - Cache for term page with URL: https://www.adventistas.org/es/asociacionministerial/coleccion/sacgain-2014/  have been purged, triggered by action: edit_terms 
[2026-04-06 14:04:39 : INFO] - Cache for term page with URL: https://www.adventistas.org/es/asociacionministerial/coleccion/salud-para-la-familia/  have been purged, triggered by action: edit_terms 
[2026-04-06 14:04:39 : INFO] - Cache for term page with URL: https://www.adventistas.org/es/asociacionministerial/coleccion/semana-de-la-familia/  have been purged, triggered by action: edit_terms 
[2026-04-06 14:04:39 : INFO] - Cache for term page with URL: https://www.adventistas.org/es/asociacionministerial/coleccion/semana-de-la-familia-2014/  have been purged, triggered by action: edit_terms 
[2026-04-06 14:04:39 : INFO] - Cache for term page with URL: https://www.adventistas.org/es/asociacionministerial/coleccion/semana-de-la-familia-2015/  have been purged, triggered by action: edit_terms 
[2026-04-06 14:04:39 : INFO] - Cache for term page with URL: https://www.adventistas.org/es/asociacionministerial/coleccion/semana-la-ultima-esperanza/  have been purged, triggered by action: edit_terms 
[2026-04-06 14:04:39 : INFO] - Cache for term page with URL: https://www.adventistas.org/es/asociacionministerial/coleccion/semana-santa/  have been purged, triggered by action: edit_terms 
[2026-04-06 14:04:39 : INFO] - Cache for term page with URL: https://www.adventistas.org/es/asociacionministerial/coleccion/semana-santa-2014/  have been purged, triggered by action: edit_terms 
[2026-04-06 14:04:39 : INFO] - Cache for term page with URL: https://www.adventistas.org/es/asociacionministerial/coleccion/semana-santa-2016/  have been purged, triggered by action: edit_terms 
[2026-04-06 14:04:39 : INFO] - Cache for term page with URL: https://www.adventistas.org/es/asociacionministerial/coleccion/testimonio-semana-mayordomia-cristiana-2014/  have been purged, triggered by action: edit_terms 
[2026-04-06 14:04:39 : INFO] - Cache for term page with URL: https://www.adventistas.org/es/asociacionministerial/coleccion/testimonio-semana-mayordomia-cristiana-2015/  have been purged, triggered by action: edit_terms 
[2026-04-06 14:04:39 : INFO] - Cache for term page with URL: https://www.adventistas.org/es/asociacionministerial/coleccion/testimonios-misioneros/  have been purged, triggered by action: edit_terms 
[2026-04-06 14:04:39 : INFO] - Cache for term page with URL: https://www.adventistas.org/es/asociacionministerial/coleccion/testimonios-plenariadsa-2013/  have been purged, triggered by action: edit_terms 
[2026-04-06 14:04:39 : INFO] - Cache for term page with URL: https://www.adventistas.org/es/asociacionministerial/coleccion/unidos-en-oracion/  have been purged, triggered by action: edit_terms 
[2026-04-06 14:04:39 : INFO] - Cache for term page with URL: https://www.adventistas.org/es/asociacionministerial/coleccion/videoclips-nuevo-tiempo/  have been purged, triggered by action: edit_terms 
[2026-04-06 14:04:39 : INFO] - Cache for term page with URL: https://www.adventistas.org/es/asociacionministerial/coleccion/yo-conozco-mi-historia-series/  have been purged, triggered by action: edit_terms 
[2026-04-06 14:04:39 : INFO] - Cache for term page with URL: https://www.adventistas.org/es/asociacionministerial/coleccion/yo-pienso-asi/  have been purged, triggered by action: edit_terms 
[2026-04-06 14:04:40 : INFO] - Cache for term page with URL: https://www.adventistas.org/es/asociacionministerial/sede-regional/dsa/  have been purged, triggered by action: edit_terms 
[2026-04-06 14:04:40 : INFO] - Cache for term page with URL: https://www.adventistas.org/es/asociacionministerial/sede-regional/ua/  have been purged, triggered by action: edit_terms 
[2026-04-06 14:04:40 : INFO] - Cache for term page with URL: https://www.adventistas.org/es/asociacionministerial/sede-regional/ub/  have been purged, triggered by action: edit_terms 
[2026-04-06 14:04:40 : INFO] - Cache for term page with URL: https://www.adventistas.org/es/asociacionministerial/sede-regional/uch/  have been purged, triggered by action: edit_terms 
[2026-04-06 14:04:40 : INFO] - Cache for term page with URL: https://www.adventistas.org/es/asociacionministerial/sede-regional/ue/  have been purged, triggered by action: edit_terms 
[2026-04-06 14:04:40 : INFO] - Cache for term page with URL: https://www.adventistas.org/es/asociacionministerial/sede-regional/up/  have been purged, triggered by action: edit_terms 
[2026-04-06 14:04:40 : INFO] - Cache for term page with URL: https://www.adventistas.org/es/asociacionministerial/sede-regional/upn/  have been purged, triggered by action: edit_terms 
[2026-04-06 14:04:40 : INFO] - Cache for term page with URL: https://www.adventistas.org/es/asociacionministerial/sede-regional/ups/  have been purged, triggered by action: edit_terms 
[2026-04-06 14:04:40 : INFO] - Cache for term page with URL: https://www.adventistas.org/es/asociacionministerial/sede-regional/uu/  have been purged, triggered by action: edit_terms 
[2026-04-06 14:04:40 : INFO] - Cache for term page with URL: https://www.adventistas.org/es/asociacionministerial/sede-regional/aac/  have been purged, triggered by action: edit_terms 
[2026-04-06 14:04:40 : INFO] - Cache for term page with URL: https://www.adventistas.org/es/asociacionministerial/sede-regional/aan/  have been purged, triggered by action: edit_terms 
[2026-04-06 14:04:40 : INFO] - Cache for term page with URL: https://www.adventistas.org/es/asociacionministerial/sede-regional/aas/  have been purged, triggered by action: edit_terms 
[2026-04-06 14:04:40 : INFO] - Cache for term page with URL: https://www.adventistas.org/es/asociacionministerial/sede-regional/abo/  have been purged, triggered by action: edit_terms 
[2026-04-06 14:04:40 : INFO] - Cache for term page with URL: https://www.adventistas.org/es/asociacionministerial/sede-regional/acsch/  have been purged, triggered by action: edit_terms 
[2026-04-06 14:04:40 : INFO] - Cache for term page with URL: https://www.adventistas.org/es/asociacionministerial/sede-regional/amch/  have been purged, triggered by action: edit_terms 
[2026-04-06 14:04:40 : INFO] - Cache for term page with URL: https://www.adventistas.org/es/asociacionministerial/sede-regional/anop/  have been purged, triggered by action: edit_terms 
[2026-04-06 14:04:40 : INFO] - Cache for term page with URL: https://www.adventistas.org/es/asociacionministerial/sede-regional/anch/  have been purged, triggered by action: edit_terms 
[2026-04-06 14:04:40 : INFO] - Cache for term page with URL: https://www.adventistas.org/es/asociacionministerial/sede-regional/apc/  have been purged, triggered by action: edit_terms 
[2026-04-06 14:04:40 : INFO] - Cache for term page with URL: https://www.adventistas.org/es/asociacionministerial/sede-regional/apce/  have been purged, triggered by action: edit_terms 
[2026-04-06 14:04:41 : INFO] - Cache for term page with URL: https://www.adventistas.org/es/asociacionministerial/sede-regional/asach/  have been purged, triggered by action: edit_terms 
[2026-04-06 14:04:41 : INFO] - Cache for term page with URL: https://www.adventistas.org/es/asociacionministerial/sede-regional/mac/  have been purged, triggered by action: edit_terms 
[2026-04-06 14:04:41 : INFO] - Cache for term page with URL: https://www.adventistas.org/es/asociacionministerial/sede-regional/maco/  have been purged, triggered by action: edit_terms 
[2026-04-06 14:04:41 : INFO] - Cache for term page with URL: https://www.adventistas.org/es/asociacionministerial/sede-regional/mano/  have been purged, triggered by action: edit_terms 
[2026-04-06 14:04:41 : INFO] - Cache for term page with URL: https://www.adventistas.org/es/asociacionministerial/sede-regional/mbc/  have been purged, triggered by action: edit_terms 
[2026-04-06 14:04:41 : INFO] - Cache for term page with URL: https://www.adventistas.org/es/asociacionministerial/sede-regional/mbo/  have been purged, triggered by action: edit_terms 
[2026-04-06 14:04:41 : INFO] - Cache for term page with URL: https://www.adventistas.org/es/asociacionministerial/sede-regional/mbon/  have been purged, triggered by action: edit_terms 
[2026-04-06 14:04:41 : INFO] - Cache for term page with URL: https://www.adventistas.org/es/asociacionministerial/sede-regional/mbos/  have been purged, triggered by action: edit_terms 
[2026-04-06 14:04:41 : INFO] - Cache for term page with URL: https://www.adventistas.org/es/asociacionministerial/sede-regional/mibon-ua/  have been purged, triggered by action: edit_terms 
[2026-04-06 14:04:41 : INFO] - Cache for term page with URL: https://www.adventistas.org/es/asociacionministerial/sede-regional/mcch/  have been purged, triggered by action: edit_terms 
[2026-04-06 14:04:41 : INFO] - Cache for term page with URL: https://www.adventistas.org/es/asociacionministerial/sede-regional/micop/  have been purged, triggered by action: edit_terms 
[2026-04-06 14:04:41 : INFO] - Cache for term page with URL: https://www.adventistas.org/es/asociacionministerial/sede-regional/mchp/  have been purged, triggered by action: edit_terms 
[2026-04-06 14:04:41 : INFO] - Cache for term page with URL: https://www.adventistas.org/es/asociacionministerial/sede-regional/mlt/  have been purged, triggered by action: edit_terms 
[2026-04-06 14:04:41 : INFO] - Cache for term page with URL: https://www.adventistas.org/es/asociacionministerial/sede-regional/mob/  have been purged, triggered by action: edit_terms 
[2026-04-06 14:04:41 : INFO] - Cache for term page with URL: https://www.adventistas.org/es/asociacionministerial/sede-regional/mop/  have been purged, triggered by action: edit_terms 
[2026-04-06 14:04:41 : INFO] - Cache for term page with URL: https://www.adventistas.org/es/asociacionministerial/sede-regional/men/  have been purged, triggered by action: edit_terms 
[2026-04-06 14:04:41 : INFO] - Cache for term page with URL: https://www.adventistas.org/es/asociacionministerial/sede-regional/mes/  have been purged, triggered by action: edit_terms 
[2026-04-06 14:04:41 : INFO] - Cache for term page with URL: https://www.adventistas.org/es/asociacionministerial/sede-regional/mno/  have been purged, triggered by action: edit_terms 
[2026-04-06 14:04:41 : INFO] - Cache for term page with URL: https://www.adventistas.org/es/asociacionministerial/sede-regional/mpcs/  have been purged, triggered by action: edit_terms 
[2026-04-06 14:04:41 : INFO] - Cache for term page with URL: https://www.adventistas.org/es/asociacionministerial/sede-regional/mpn/  have been purged, triggered by action: edit_terms 
[2026-04-06 14:04:41 : INFO] - Cache for term page with URL: https://www.adventistas.org/es/asociacionministerial/sede-regional/mps/  have been purged, triggered by action: edit_terms 
[2026-04-06 14:04:41 : INFO] - Cache for term page with URL: https://www.adventistas.org/es/asociacionministerial/sede-regional/msmch/  have been purged, triggered by action: edit_terms 
[2026-04-06 14:04:41 : INFO] - Cache for term page with URL: https://www.adventistas.org/es/asociacionministerial/sede-regional/msop/  have been purged, triggered by action: edit_terms 
[2026-04-06 14:04:42 : INFO] - Cache for term page with URL: https://www.adventistas.org/es/asociacionministerial/editorial/biblia/  have been purged, triggered by action: edit_terms 
[2026-04-06 14:04:42 : INFO] - Cache for term page with URL: https://www.adventistas.org/es/asociacionministerial/editorial/ciencia/  have been purged, triggered by action: edit_terms 
[2026-04-06 14:04:42 : INFO] - Cache for term page with URL: https://www.adventistas.org/es/asociacionministerial/editorial/comportamiento/  have been purged, triggered by action: edit_terms 
[2026-04-06 14:04:42 : INFO] - Cache for term page with URL: https://www.adventistas.org/es/asociacionministerial/editorial/comunicacion/  have been purged, triggered by action: edit_terms 
[2026-04-06 14:04:42 : INFO] - Cache for term page with URL: https://www.adventistas.org/es/asociacionministerial/editorial/cultura/  have been purged, triggered by action: edit_terms 
[2026-04-06 14:04:42 : INFO] - Cache for term page with URL: https://www.adventistas.org/es/asociacionministerial/editorial/educacion/  have been purged, triggered by action: edit_terms 
[2026-04-06 14:04:42 : INFO] - Cache for term page with URL: https://www.adventistas.org/es/asociacionministerial/editorial/estilo-de-vida/  have been purged, triggered by action: edit_terms 
[2026-04-06 14:04:42 : INFO] - Cache for term page with URL: https://www.adventistas.org/es/asociacionministerial/editorial/evangelismo/  have been purged, triggered by action: edit_terms 
[2026-04-06 14:04:42 : INFO] - Cache for term page with URL: https://www.adventistas.org/es/asociacionministerial/editorial/eventos/  have been purged, triggered by action: edit_terms 
[2026-04-06 14:04:42 : INFO] - Cache for term page with URL: https://www.adventistas.org/es/asociacionministerial/editorial/familia/  have been purged, triggered by action: edit_terms 
[2026-04-06 14:04:42 : INFO] - Cache for term page with URL: https://www.adventistas.org/es/asociacionministerial/editorial/fechas-especiales/  have been purged, triggered by action: edit_terms 
[2026-04-06 14:04:42 : INFO] - Cache for term page with URL: https://www.adventistas.org/es/asociacionministerial/editorial/infantil/  have been purged, triggered by action: edit_terms 
[2026-04-06 14:04:42 : INFO] - Cache for term page with URL: https://www.adventistas.org/es/asociacionministerial/editorial/institucional/  have been purged, triggered by action: edit_terms 
[2026-04-06 14:04:42 : INFO] - Cache for term page with URL: https://www.adventistas.org/es/asociacionministerial/editorial/liberdad-religiosa/  have been purged, triggered by action: edit_terms 
[2026-04-06 14:04:42 : INFO] - Cache for term page with URL: https://www.adventistas.org/es/asociacionministerial/editorial/medio-ambiente/  have been purged, triggered by action: edit_terms 
[2026-04-06 14:04:42 : INFO] - Cache for term page with URL: https://www.adventistas.org/es/asociacionministerial/editorial/mision/  have been purged, triggered by action: edit_terms 
[2026-04-06 14:04:42 : INFO] - Cache for term page with URL: https://www.adventistas.org/es/asociacionministerial/editorial/personas/  have been purged, triggered by action: edit_terms 
[2026-04-06 14:04:42 : INFO] - Cache for term page with URL: https://www.adventistas.org/es/asociacionministerial/editorial/proyectos-sociales/  have been purged, triggered by action: edit_terms 
[2026-04-06 14:04:42 : INFO] - Cache for term page with URL: https://www.adventistas.org/es/asociacionministerial/editorial/publicaciones/  have been purged, triggered by action: edit_terms 
[2026-04-06 14:04:42 : INFO] - Cache for term page with URL: https://www.adventistas.org/es/asociacionministerial/editorial/salud/  have been purged, triggered by action: edit_terms 
[2026-04-06 14:04:43 : INFO] - Cache for term page with URL: https://www.adventistas.org/es/asociacionministerial/editorial/tecnologia/  have been purged, triggered by action: edit_terms 
[2026-04-06 14:04:43 : INFO] - Cache for term page with URL: https://www.adventistas.org/es/asociacionministerial/departamento/adra/  have been purged, triggered by action: edit_terms 
[2026-04-06 14:04:44 : INFO] - Cache for term page with URL: https://www.adventistas.org/es/asociacionministerial/departamento/afam/  have been purged, triggered by action: edit_terms 
[2026-04-06 14:04:44 : INFO] - Cache for term page with URL: https://www.adventistas.org/es/asociacionministerial/departamento/asa/  have been purged, triggered by action: edit_terms 
[2026-04-06 14:04:44 : INFO] - Cache for term page with URL: https://www.adventistas.org/es/asociacionministerial/departamento/asociacion-ministerial/  have been purged, triggered by action: edit_terms 
[2026-04-06 14:04:44 : INFO] - Cache for term page with URL: https://www.adventistas.org/es/asociacionministerial/departamento/aventurero/  have been purged, triggered by action: edit_terms 
[2026-04-06 14:04:44 : INFO] - Cache for term page with URL: https://www.adventistas.org/es/asociacionministerial/departamento/comunicacion/  have been purged, triggered by action: edit_terms 
[2026-04-06 14:04:44 : INFO] - Cache for term page with URL: https://www.adventistas.org/es/asociacionministerial/departamento/conquistadores/  have been purged, triggered by action: edit_terms 
[2026-04-06 14:04:44 : INFO] - Cache for term page with URL: https://www.adventistas.org/es/asociacionministerial/departamento/educacion/  have been purged, triggered by action: edit_terms 
[2026-04-06 14:04:44 : INFO] - Cache for term page with URL: https://www.adventistas.org/es/asociacionministerial/departamento/escuela-sabatica/  have been purged, triggered by action: edit_terms 
[2026-04-06 14:04:44 : INFO] - Cache for term page with URL: https://www.adventistas.org/es/asociacionministerial/departamento/espiritu-de-profecia/  have been purged, triggered by action: edit_terms 
[2026-04-06 14:04:44 : INFO] - Cache for term page with URL: https://www.adventistas.org/es/asociacionministerial/departamento/evangelismo/  have been purged, triggered by action: edit_terms 
[2026-04-06 14:04:44 : INFO] - Cache for term page with URL: https://www.adventistas.org/es/asociacionministerial/departamento/institucional/  have been purged, triggered by action: edit_terms 
[2026-04-06 14:04:44 : INFO] - Cache for term page with URL: https://www.adventistas.org/es/asociacionministerial/departamento/libertad-religiosa/  have been purged, triggered by action: edit_terms 
[2026-04-06 14:04:44 : INFO] - Cache for term page with URL: https://www.adventistas.org/es/asociacionministerial/departamento/mayordomia-cristiana/  have been purged, triggered by action: edit_terms 
[2026-04-06 14:04:44 : INFO] - Cache for term page with URL: https://www.adventistas.org/es/asociacionministerial/departamento/ministerio-adventista-de-las-posibilidades/  have been purged, triggered by action: edit_terms 
[2026-04-06 14:04:44 : INFO] - Cache for term page with URL: https://www.adventistas.org/es/asociacionministerial/departamento/ministerio-de-la-familia/  have been purged, triggered by action: edit_terms 
[2026-04-06 14:04:44 : INFO] - Cache for term page with URL: https://www.adventistas.org/es/asociacionministerial/departamento/ministerio-de-la-mujer/  have been purged, triggered by action: edit_terms 
[2026-04-06 14:04:44 : INFO] - Cache for term page with URL: https://www.adventistas.org/es/asociacionministerial/departamento/ministerio-de-la-musica/  have been purged, triggered by action: edit_terms 
[2026-04-06 14:04:44 : INFO] - Cache for term page with URL: https://www.adventistas.org/es/asociacionministerial/departamento/ministerio-de-la-recepcion/  have been purged, triggered by action: edit_terms 
[2026-04-06 14:04:44 : INFO] - Cache for term page with URL: https://www.adventistas.org/es/asociacionministerial/departamento/ministerio-de-los-adolescentes/  have been purged, triggered by action: edit_terms 
[2026-04-06 14:04:44 : INFO] - Cache for term page with URL: https://www.adventistas.org/es/asociacionministerial/departamento/ministerio-de-publicaciones/  have been purged, triggered by action: edit_terms 
[2026-04-06 14:04:44 : INFO] - Cache for term page with URL: https://www.adventistas.org/es/asociacionministerial/departamento/ministerio-del-nino/  have been purged, triggered by action: edit_terms 
[2026-04-06 14:04:44 : INFO] - Cache for term page with URL: https://www.adventistas.org/es/asociacionministerial/departamento/ministerio-infantil/  have been purged, triggered by action: edit_terms 
[2026-04-06 14:04:44 : INFO] - Cache for term page with URL: https://www.adventistas.org/es/asociacionministerial/departamento/ministerio-joven/  have been purged, triggered by action: edit_terms 
[2026-04-06 14:04:44 : INFO] - Cache for term page with URL: https://www.adventistas.org/es/asociacionministerial/departamento/ministerio-personal/  have been purged, triggered by action: edit_terms 
[2026-04-06 14:04:44 : INFO] - Cache for term page with URL: https://www.adventistas.org/es/asociacionministerial/departamento/mision-global/  have been purged, triggered by action: edit_terms 
[2026-04-06 14:04:44 : INFO] - Cache for term page with URL: https://www.adventistas.org/es/asociacionministerial/departamento/salt/  have been purged, triggered by action: edit_terms 
[2026-04-06 14:04:44 : INFO] - Cache for term page with URL: https://www.adventistas.org/es/asociacionministerial/departamento/salud/  have been purged, triggered by action: edit_terms 
[2026-04-06 14:04:44 : INFO] - Cache for term page with URL: https://www.adventistas.org/es/asociacionministerial/departamento/secretaria/  have been purged, triggered by action: edit_terms 
[2026-04-06 14:04:44 : INFO] - Cache for term page with URL: https://www.adventistas.org/es/asociacionministerial/departamento/servicio-voluntario-adventista/  have been purged, triggered by action: edit_terms 
[2026-04-06 14:04:44 : INFO] - Cache for term page with URL: https://www.adventistas.org/es/asociacionministerial/departamento/tesoreria/  have been purged, triggered by action: edit_terms 
[2026-04-06 14:04:45 : INFO] - Cache for term page with URL: https://www.adventistas.org/es/asociacionministerial/xtt-pa-projetos/10-dias-de-oracion-y-10-horas-de-ayuno-y-oracion/  have been purged, triggered by action: edit_terms 
[2026-04-06 14:04:45 : INFO] - Cache for term page with URL: https://www.adventistas.org/es/asociacionministerial/xtt-pa-projetos/100-dias-oracion/  have been purged, triggered by action: edit_terms 
[2026-04-06 14:04:45 : INFO] - Cache for term page with URL: https://www.adventistas.org/es/asociacionministerial/xtt-pa-projetos/adoracion-en-familia/  have been purged, triggered by action: edit_terms 
[2026-04-06 14:04:45 : INFO] - Cache for term page with URL: https://www.adventistas.org/es/asociacionministerial/xtt-pa-projetos/adoracion-infantil/  have been purged, triggered by action: edit_terms 
[2026-04-06 14:04:45 : INFO] - Cache for term page with URL: https://www.adventistas.org/es/asociacionministerial/xtt-pa-projetos/amando-para-la-eternidad/  have been purged, triggered by action: edit_terms 
[2026-04-06 14:04:45 : INFO] - Cache for term page with URL: https://www.adventistas.org/es/asociacionministerial/xtt-pa-projetos/amigos-de-esperanza/  have been purged, triggered by action: edit_terms 
[2026-04-06 14:04:45 : INFO] - Cache for term page with URL: https://www.adventistas.org/es/asociacionministerial/xtt-pa-projetos/asn-update/  have been purged, triggered by action: edit_terms 
[2026-04-06 14:04:45 : INFO] - Cache for term page with URL: https://www.adventistas.org/es/asociacionministerial/xtt-pa-projetos/auxiliaton/  have been purged, triggered by action: edit_terms 
[2026-04-06 14:04:45 : INFO] - Cache for term page with URL: https://www.adventistas.org/es/asociacionministerial/xtt-pa-projetos/auxilio-para-desastres/  have been purged, triggered by action: edit_terms 
[2026-04-06 14:04:45 : INFO] - Cache for term page with URL: https://www.adventistas.org/es/asociacionministerial/xtt-pa-projetos/aventuras-de-adra-para-ninos/  have been purged, triggered by action: edit_terms 
[2026-04-06 14:04:45 : INFO] - Cache for term page with URL: https://www.adventistas.org/es/asociacionministerial/xtt-pa-projetos/basta-de-silencio/  have been purged, triggered by action: edit_terms 
[2026-04-06 14:04:45 : INFO] - Cache for term page with URL: https://www.adventistas.org/es/asociacionministerial/xtt-pa-projetos/bautismo-de-primavera/  have been purged, triggered by action: edit_terms 
[2026-04-06 14:04:45 : INFO] - Cache for term page with URL: https://www.adventistas.org/es/asociacionministerial/xtt-pa-projetos/bueno-con-la-biblia/  have been purged, triggered by action: edit_terms 
[2026-04-06 14:04:45 : INFO] - Cache for term page with URL: https://www.adventistas.org/es/asociacionministerial/xtt-pa-projetos/campori/  have been purged, triggered by action: edit_terms 
[2026-04-06 14:04:45 : INFO] - Cache for term page with URL: https://www.adventistas.org/es/asociacionministerial/xtt-pa-projetos/campori-2019/  have been purged, triggered by action: edit_terms 
[2026-04-06 14:04:45 : INFO] - Cache for term page with URL: https://www.adventistas.org/es/asociacionministerial/xtt-pa-projetos/cd-joven/  have been purged, triggered by action: edit_terms 
[2026-04-06 14:04:45 : INFO] - Cache for term page with URL: https://www.adventistas.org/es/asociacionministerial/xtt-pa-projetos/centros-de-influencia/  have been purged, triggered by action: edit_terms 
[2026-04-06 14:04:45 : INFO] - Cache for term page with URL: https://www.adventistas.org/es/asociacionministerial/xtt-pa-projetos/ciclo-de-discipulado/  have been purged, triggered by action: edit_terms 
[2026-04-06 14:04:45 : INFO] - Cache for term page with URL: https://www.adventistas.org/es/asociacionministerial/xtt-pa-projetos/circuito-de-campeones/  have been purged, triggered by action: edit_terms 
[2026-04-06 14:04:45 : INFO] - Cache for term page with URL: https://www.adventistas.org/es/asociacionministerial/xtt-pa-projetos/clase-biblica/  have been purged, triggered by action: edit_terms 
[2026-04-06 14:04:45 : INFO] - Cache for term page with URL: https://www.adventistas.org/es/asociacionministerial/xtt-pa-projetos/club-de-jovenes/  have been purged, triggered by action: edit_terms 
[2026-04-06 14:04:45 : INFO] - Cache for term page with URL: https://www.adventistas.org/es/asociacionministerial/xtt-pa-projetos/colecta-nacional/  have been purged, triggered by action: edit_terms 
[2026-04-06 14:04:45 : INFO] - Cache for term page with URL: https://www.adventistas.org/es/asociacionministerial/xtt-pa-projetos/color-y-sabor-en-la-biblia/  have been purged, triggered by action: edit_terms 
[2026-04-06 14:04:45 : INFO] - Cache for term page with URL: https://www.adventistas.org/es/asociacionministerial/xtt-pa-projetos/como-dejar-de-fumar/  have been purged, triggered by action: edit_terms 
[2026-04-06 14:04:45 : INFO] - Cache for term page with URL: https://www.adventistas.org/es/asociacionministerial/xtt-pa-projetos/concilio-anual-2019/  have been purged, triggered by action: edit_terms 
[2026-04-06 14:04:45 : INFO] - Cache for term page with URL: https://www.adventistas.org/es/asociacionministerial/xtt-pa-projetos/concilio-de-publicaciones/  have been purged, triggered by action: edit_terms 
[2026-04-06 14:04:45 : INFO] - Cache for term page with URL: https://www.adventistas.org/es/asociacionministerial/xtt-pa-projetos/conectados/  have been purged, triggered by action: edit_terms 
[2026-04-06 14:04:45 : INFO] - Cache for term page with URL: https://www.adventistas.org/es/asociacionministerial/xtt-pa-projetos/consejo-anual-2018/  have been purged, triggered by action: edit_terms 
[2026-04-06 14:04:46 : INFO] - Cache for term page with URL: https://www.adventistas.org/es/asociacionministerial/xtt-pa-projetos/consejo-anual-2019/  have been purged, triggered by action: edit_terms 
[2026-04-06 14:04:46 : INFO] - Cache for term page with URL: https://www.adventistas.org/es/asociacionministerial/xtt-pa-projetos/consultores-de-salud-familiar/  have been purged, triggered by action: edit_terms 
[2026-04-06 14:04:46 : INFO] - Cache for term page with URL: https://www.adventistas.org/es/asociacionministerial/xtt-pa-projetos/cuenta-regresiva/  have been purged, triggered by action: edit_terms 
[2026-04-06 14:04:46 : INFO] - Cache for term page with URL: https://www.adventistas.org/es/asociacionministerial/xtt-pa-projetos/culto-joven/  have been purged, triggered by action: edit_terms 
[2026-04-06 14:04:46 : INFO] - Cache for term page with URL: https://www.adventistas.org/es/asociacionministerial/xtt-pa-projetos/curso-de-liderazgo-adolescente/  have been purged, triggered by action: edit_terms 
[2026-04-06 14:04:46 : INFO] - Cache for term page with URL: https://www.adventistas.org/es/asociacionministerial/xtt-pa-projetos/curso-de-novios/  have been purged, triggered by action: edit_terms 
[2026-04-06 14:04:46 : INFO] - Cache for term page with URL: https://www.adventistas.org/es/asociacionministerial/xtt-pa-projetos/descifrando-el-futuro/  have been purged, triggered by action: edit_terms 
[2026-04-06 14:04:46 : INFO] - Cache for term page with URL: https://www.adventistas.org/es/asociacionministerial/xtt-pa-projetos/el-rescate-de-la-verdad/  have been purged, triggered by action: edit_terms 
[2026-04-06 14:04:46 : INFO] - Cache for term page with URL: https://www.adventistas.org/es/asociacionministerial/xtt-pa-projetos/encuentro-de-padres/  have been purged, triggered by action: edit_terms 
[2026-04-06 14:04:46 : INFO] - Cache for term page with URL: https://www.adventistas.org/es/asociacionministerial/xtt-pa-projetos/escuela-de-cocina-vegetariana/  have been purged, triggered by action: edit_terms 
[2026-04-06 14:04:46 : INFO] - Cache for term page with URL: https://www.adventistas.org/es/asociacionministerial/xtt-pa-projetos/escuela-de-evangelistas/  have been purged, triggered by action: edit_terms 
[2026-04-06 14:04:46 : INFO] - Cache for term page with URL: https://www.adventistas.org/es/asociacionministerial/xtt-pa-projetos/escuela-de-vacaciones/  have been purged, triggered by action: edit_terms 
[2026-04-06 14:04:46 : INFO] - Cache for term page with URL: https://www.adventistas.org/es/asociacionministerial/xtt-pa-projetos/eslabones-de-gracia/  have been purged, triggered by action: edit_terms 
[2026-04-06 14:04:46 : INFO] - Cache for term page with URL: https://www.adventistas.org/es/asociacionministerial/xtt-pa-projetos/esperanza-para-las-grandes-ciudades/  have been purged, triggered by action: edit_terms 
[2026-04-06 14:04:46 : INFO] - Cache for term page with URL: https://www.adventistas.org/es/asociacionministerial/xtt-pa-projetos/evangelismo-escuela/  have been purged, triggered by action: edit_terms 
[2026-04-06 14:04:46 : INFO] - Cache for term page with URL: https://www.adventistas.org/es/asociacionministerial/xtt-pa-projetos/evangelismo-via-satelite/  have been purged, triggered by action: edit_terms 
[2026-04-06 14:04:46 : INFO] - Cache for term page with URL: https://www.adventistas.org/es/asociacionministerial/xtt-pa-projetos/feria-de-salud/  have been purged, triggered by action: edit_terms 
[2026-04-06 14:04:46 : INFO] - Cache for term page with URL: https://www.adventistas.org/es/asociacionministerial/xtt-pa-projetos/finanzas-de-la-familia/  have been purged, triggered by action: edit_terms 
[2026-04-06 14:04:46 : INFO] - Cache for term page with URL: https://www.adventistas.org/es/asociacionministerial/xtt-pa-projetos/gc2015/  have been purged, triggered by action: edit_terms 
[2026-04-06 14:04:46 : INFO] - Cache for term page with URL: https://www.adventistas.org/es/asociacionministerial/xtt-pa-projetos/gestion-de-crisis/  have been purged, triggered by action: edit_terms 
[2026-04-06 14:04:46 : INFO] - Cache for term page with URL: https://www.adventistas.org/es/asociacionministerial/xtt-pa-projetos/grupos-pequenos/  have been purged, triggered by action: edit_terms 
[2026-04-06 14:04:46 : INFO] - Cache for term page with URL: https://www.adventistas.org/es/asociacionministerial/xtt-pa-projetos/guardianes-de-los-tesoros/  have been purged, triggered by action: edit_terms 
[2026-04-06 14:04:46 : INFO] - Cache for term page with URL: https://www.adventistas.org/es/asociacionministerial/xtt-pa-projetos/impacto-esperanza/  have been purged, triggered by action: edit_terms 
[2026-04-06 14:04:46 : INFO] - Cache for term page with URL: https://www.adventistas.org/es/asociacionministerial/xtt-pa-projetos/la-biblia-habla/  have been purged, triggered by action: edit_terms 
[2026-04-06 14:04:46 : INFO] - Cache for term page with URL: https://www.adventistas.org/es/asociacionministerial/xtt-pa-projetos/la-gran-esperanza-2011/  have been purged, triggered by action: edit_terms 
[2026-04-06 14:04:46 : INFO] - Cache for term page with URL: https://www.adventistas.org/es/asociacionministerial/xtt-pa-projetos/la-gran-esperanza-2012/  have been purged, triggered by action: edit_terms 
[2026-04-06 14:04:46 : INFO] - Cache for term page with URL: https://www.adventistas.org/es/asociacionministerial/xtt-pa-projetos/la-presencia-de-dios-en-mi-vida/  have been purged, triggered by action: edit_terms 
[2026-04-06 14:04:46 : INFO] - Cache for term page with URL: https://www.adventistas.org/es/asociacionministerial/xtt-pa-projetos/la-ultima-esperanza-2013/  have been purged, triggered by action: edit_terms 
[2026-04-06 14:04:46 : INFO] - Cache for term page with URL: https://www.adventistas.org/es/asociacionministerial/xtt-pa-projetos/la-unica-esperanza/  have been purged, triggered by action: edit_terms 
[2026-04-06 14:04:46 : INFO] - Cache for term page with URL: https://www.adventistas.org/es/asociacionministerial/xtt-pa-projetos/maranataja/  have been purged, triggered by action: edit_terms 
[2026-04-06 14:04:46 : INFO] - Cache for term page with URL: https://www.adventistas.org/es/asociacionministerial/xtt-pa-projetos/mas-amor-en-navidad/  have been purged, triggered by action: edit_terms 
[2026-04-06 14:04:46 : INFO] - Cache for term page with URL: https://www.adventistas.org/es/asociacionministerial/xtt-pa-projetos/master-white/  have been purged, triggered by action: edit_terms 
[2026-04-06 14:04:46 : INFO] - Cache for term page with URL: https://www.adventistas.org/es/asociacionministerial/xtt-pa-projetos/mi-biblia-mi-amiga/  have been purged, triggered by action: edit_terms 
[2026-04-06 14:04:46 : INFO] - Cache for term page with URL: https://www.adventistas.org/es/asociacionministerial/xtt-pa-projetos/mi-codigo-fuente/  have been purged, triggered by action: edit_terms 
[2026-04-06 14:04:46 : INFO] - Cache for term page with URL: https://www.adventistas.org/es/asociacionministerial/xtt-pa-projetos/miercoles-de-poder/  have been purged, triggered by action: edit_terms 
[2026-04-06 14:04:46 : INFO] - Cache for term page with URL: https://www.adventistas.org/es/asociacionministerial/xtt-pa-projetos/ministerio-de-caballeros/  have been purged, triggered by action: edit_terms 
[2026-04-06 14:04:46 : INFO] - Cache for term page with URL: https://www.adventistas.org/es/asociacionministerial/xtt-pa-projetos/ministerio-de-la-recepcion/  have been purged, triggered by action: edit_terms 
[2026-04-06 14:04:46 : INFO] - Cache for term page with URL: https://www.adventistas.org/es/asociacionministerial/xtt-pa-projetos/ministerio-del-servicio/  have been purged, triggered by action: edit_terms 
[2026-04-06 14:04:46 : INFO] - Cache for term page with URL: https://www.adventistas.org/es/asociacionministerial/xtt-pa-projetos/minutos-de-salud/  have been purged, triggered by action: edit_terms 
[2026-04-06 14:04:46 : INFO] - Cache for term page with URL: https://www.adventistas.org/es/asociacionministerial/xtt-pa-projetos/mision-caleb/  have been purged, triggered by action: edit_terms 
[2026-04-06 14:04:46 : INFO] - Cache for term page with URL: https://www.adventistas.org/es/asociacionministerial/xtt-pa-projetos/mision-rescate/  have been purged, triggered by action: edit_terms 
[2026-04-06 14:04:46 : INFO] - Cache for term page with URL: https://www.adventistas.org/es/asociacionministerial/xtt-pa-projetos/muevase-por-la-vida/  have been purged, triggered by action: edit_terms 
[2026-04-06 14:04:46 : INFO] - Cache for term page with URL: https://www.adventistas.org/es/asociacionministerial/xtt-pa-projetos/multiplique-esperanza/  have been purged, triggered by action: edit_terms 
[2026-04-06 14:04:46 : INFO] - Cache for term page with URL: https://www.adventistas.org/es/asociacionministerial/xtt-pa-projetos/omc-orientaciones-del-ministerio-de-conquistadores/  have been purged, triggered by action: edit_terms 
[2026-04-06 14:04:46 : INFO] - Cache for term page with URL: https://www.adventistas.org/es/asociacionministerial/xtt-pa-projetos/oraciones-que-sustentan/  have been purged, triggered by action: edit_terms 
[2026-04-06 14:04:46 : INFO] - Cache for term page with URL: https://www.adventistas.org/es/asociacionministerial/xtt-pa-projetos/orar-para-salvar/  have been purged, triggered by action: edit_terms 
[2026-04-06 14:04:46 : INFO] - Cache for term page with URL: https://www.adventistas.org/es/asociacionministerial/xtt-pa-projetos/pac-com/  have been purged, triggered by action: edit_terms 
[2026-04-06 14:04:47 : INFO] - Cache for term page with URL: https://www.adventistas.org/es/asociacionministerial/xtt-pa-projetos/padres-de-esperanza/  have been purged, triggered by action: edit_terms 
[2026-04-06 14:04:47 : INFO] - Cache for term page with URL: https://www.adventistas.org/es/asociacionministerial/xtt-pa-projetos/parejas-misioneras/  have been purged, triggered by action: edit_terms 
[2026-04-06 14:04:47 : INFO] - Cache for term page with URL: https://www.adventistas.org/es/asociacionministerial/xtt-pa-projetos/pioneros/  have been purged, triggered by action: edit_terms 
[2026-04-06 14:04:47 : INFO] - Cache for term page with URL: https://www.adventistas.org/es/asociacionministerial/xtt-pa-projetos/plantacion-de-iglesias/  have been purged, triggered by action: edit_terms 
[2026-04-06 14:04:47 : INFO] - Cache for term page with URL: https://www.adventistas.org/es/asociacionministerial/xtt-pa-projetos/portal-del-pastor/  have been purged, triggered by action: edit_terms 
[2026-04-06 14:04:47 : INFO] - Cache for term page with URL: https://www.adventistas.org/es/asociacionministerial/xtt-pa-projetos/primero-dios/  have been purged, triggered by action: edit_terms 
[2026-04-06 14:04:47 : INFO] - Cache for term page with URL: https://www.adventistas.org/es/asociacionministerial/xtt-pa-projetos/probad-y-ved/  have been purged, triggered by action: edit_terms 
[2026-04-06 14:04:47 : INFO] - Cache for term page with URL: https://www.adventistas.org/es/asociacionministerial/xtt-pa-projetos/proyecto-huellas/  have been purged, triggered by action: edit_terms 
[2026-04-06 14:04:47 : INFO] - Cache for term page with URL: https://www.adventistas.org/es/asociacionministerial/xtt-pa-projetos/proyecto-mana/  have been purged, triggered by action: edit_terms 
[2026-04-06 14:04:47 : INFO] - Cache for term page with URL: https://www.adventistas.org/es/asociacionministerial/xtt-pa-projetos/puentes-de-esperanza/  have been purged, triggered by action: edit_terms 
[2026-04-06 14:04:47 : INFO] - Cache for term page with URL: https://www.adventistas.org/es/asociacionministerial/xtt-pa-projetos/reavivados-por-su-palabra/  have been purged, triggered by action: edit_terms 
[2026-04-06 14:04:47 : INFO] - Cache for term page with URL: https://www.adventistas.org/es/asociacionministerial/xtt-pa-projetos/reencuentro/  have been purged, triggered by action: edit_terms 
[2026-04-06 14:04:47 : INFO] - Cache for term page with URL: https://www.adventistas.org/es/asociacionministerial/xtt-pa-projetos/renacer/  have been purged, triggered by action: edit_terms 
[2026-04-06 14:04:47 : INFO] - Cache for term page with URL: https://www.adventistas.org/es/asociacionministerial/xtt-pa-projetos/revista-accion-joven/  have been purged, triggered by action: edit_terms 
[2026-04-06 14:04:47 : INFO] - Cache for term page with URL: https://www.adventistas.org/es/asociacionministerial/xtt-pa-projetos/revive-i/  have been purged, triggered by action: edit_terms 
[2026-04-06 14:04:47 : INFO] - Cache for term page with URL: https://www.adventistas.org/es/asociacionministerial/xtt-pa-projetos/revive-ii/  have been purged, triggered by action: edit_terms 
[2026-04-06 14:04:47 : INFO] - Cache for term page with URL: https://www.adventistas.org/es/asociacionministerial/xtt-pa-projetos/revive-iii/  have been purged, triggered by action: edit_terms 
[2026-04-06 14:04:47 : INFO] - Cache for term page with URL: https://www.adventistas.org/es/asociacionministerial/xtt-pa-projetos/rmc-renovacion-de-matrimonios-con-cristo/  have been purged, triggered by action: edit_terms 
[2026-04-06 14:04:47 : INFO] - Cache for term page with URL: https://www.adventistas.org/es/asociacionministerial/xtt-pa-projetos/rompiendo-el-silencio/  have been purged, triggered by action: edit_terms 
[2026-04-06 14:04:47 : INFO] - Cache for term page with URL: https://www.adventistas.org/es/asociacionministerial/xtt-pa-projetos/see-seminario-de-enriquecimiento-espiritual/  have been purged, triggered by action: edit_terms 
[2026-04-06 14:04:47 : INFO] - Cache for term page with URL: https://www.adventistas.org/es/asociacionministerial/xtt-pa-projetos/semana-de-la-familia/  have been purged, triggered by action: edit_terms 
[2026-04-06 14:04:47 : INFO] - Cache for term page with URL: https://www.adventistas.org/es/asociacionministerial/xtt-pa-projetos/semana-de-mayordomia-cristiana/  have been purged, triggered by action: edit_terms 
[2026-04-06 14:04:47 : INFO] - Cache for term page with URL: https://www.adventistas.org/es/asociacionministerial/xtt-pa-projetos/semana-de-oracion-joven/  have been purged, triggered by action: edit_terms 
[2026-04-06 14:04:47 : INFO] - Cache for term page with URL: https://www.adventistas.org/es/asociacionministerial/xtt-pa-projetos/semana-santa/  have been purged, triggered by action: edit_terms 
[2026-04-06 14:04:47 : INFO] - Cache for term page with URL: https://www.adventistas.org/es/asociacionministerial/xtt-pa-projetos/simposio-toques-de-esperanza/  have been purged, triggered by action: edit_terms 
[2026-04-06 14:04:47 : INFO] - Cache for term page with URL: https://www.adventistas.org/es/asociacionministerial/xtt-pa-projetos/suena-en-grande/  have been purged, triggered by action: edit_terms 
[2026-04-06 14:04:48 : INFO] - Cache for term page with URL: https://www.adventistas.org/es/asociacionministerial/xtt-pa-projetos/un-ano-en-mision/  have been purged, triggered by action: edit_terms 
[2026-04-06 14:04:48 : INFO] - Cache for term page with URL: https://www.adventistas.org/es/asociacionministerial/xtt-pa-projetos/vida-por-vidas/  have been purged, triggered by action: edit_terms 
[2026-04-06 14:04:48 : INFO] - Cache for term page with URL: https://www.adventistas.org/es/asociacionministerial/xtt-pa-projetos/viva-con-esperanza/  have been purged, triggered by action: edit_terms 
[2026-04-06 14:04:48 : INFO] - Cache for term page with URL: https://www.adventistas.org/es/asociacionministerial/xtt-pa-projetos/yo-conozco-mi-historia/  have been purged, triggered by action: edit_terms 
[2026-04-06 14:04:48 : INFO] - Cache for term page with URL: https://www.adventistas.org/es/asociacionministerial/xtt-pa-projetos/yo-pienso-asi/  have been purged, triggered by action: edit_terms 
[2026-04-06 14:04:48 : INFO] - Cache for term page with URL: https://www.adventistas.org/es/asociacionministerial/xtt-pa-projetos/campori-2014/  have been purged, triggered by action: edit_terms 
[2026-04-06 14:04:48 : INFO] - Cache for term page with URL: https://www.adventistas.org/es/asociacionministerial/xtt-pa-projetos/encuentro-de-padres-2013/  have been purged, triggered by action: edit_terms 
[2026-04-06 14:04:48 : INFO] - Cache for term page with URL: https://www.adventistas.org/es/asociacionministerial/xtt-pa-projetos/encuentro-de-padres-2014/  have been purged, triggered by action: edit_terms 
[2026-04-06 14:04:48 : INFO] - Cache for term page with URL: https://www.adventistas.org/es/asociacionministerial/xtt-pa-projetos/impacto-esperanza-2013/  have been purged, triggered by action: edit_terms 
[2026-04-06 14:04:48 : INFO] - Cache for term page with URL: https://www.adventistas.org/es/asociacionministerial/xtt-pa-projetos/impacto-esperanza-2014/  have been purged, triggered by action: edit_terms 
[2026-04-06 14:04:48 : INFO] - Cache for term page with URL: https://www.adventistas.org/es/asociacionministerial/xtt-pa-projetos/impacto-esperanza-2015/  have been purged, triggered by action: edit_terms 
[2026-04-06 14:04:48 : INFO] - Cache for term page with URL: https://www.adventistas.org/es/asociacionministerial/xtt-pa-projetos/impacto-esperanza-2016/  have been purged, triggered by action: edit_terms 
[2026-04-06 14:04:48 : INFO] - Cache for term page with URL: https://www.adventistas.org/es/asociacionministerial/xtt-pa-projetos/semana-santa-2012/  have been purged, triggered by action: edit_terms 
[2026-04-06 14:04:48 : INFO] - Cache for term page with URL: https://www.adventistas.org/es/asociacionministerial/xtt-pa-projetos/semana-santa-2013/  have been purged, triggered by action: edit_terms 
[2026-04-06 14:04:48 : INFO] - Cache for term page with URL: https://www.adventistas.org/es/asociacionministerial/xtt-pa-projetos/semana-santa-2014/  have been purged, triggered by action: edit_terms 
[2026-04-06 14:04:49 : INFO] - Cache for term page with URL: https://www.adventistas.org/es/asociacionministerial/sede-propietaria/division-sudamericana/  have been purged, triggered by action: edit_terms 
[2026-04-06 14:04:49 : INFO] - Cache for term page with URL: https://www.adventistas.org/es/asociacionministerial/sede-propietaria/union-argentina/  have been purged, triggered by action: edit_terms 
[2026-04-06 14:04:49 : INFO] - Cache for term page with URL: https://www.adventistas.org/es/asociacionministerial/sede-propietaria/union-boliviana/  have been purged, triggered by action: edit_terms 
[2026-04-06 14:04:49 : INFO] - Cache for term page with URL: https://www.adventistas.org/es/asociacionministerial/sede-propietaria/union-chilena/  have been purged, triggered by action: edit_terms 
[2026-04-06 14:04:49 : INFO] - Cache for term page with URL: https://www.adventistas.org/es/asociacionministerial/sede-propietaria/union-ecuatoriana/  have been purged, triggered by action: edit_terms 
[2026-04-06 14:04:49 : INFO] - Cache for term page with URL: https://www.adventistas.org/es/asociacionministerial/sede-propietaria/union-paraguaya/  have been purged, triggered by action: edit_terms 
[2026-04-06 14:04:49 : INFO] - Cache for term page with URL: https://www.adventistas.org/es/asociacionministerial/sede-propietaria/union-peruana-del-norte/  have been purged, triggered by action: edit_terms 
[2026-04-06 14:04:49 : INFO] - Cache for term page with URL: https://www.adventistas.org/es/asociacionministerial/sede-propietaria/union-peruana-del-sur/  have been purged, triggered by action: edit_terms 
[2026-04-06 14:04:49 : INFO] - Cache for term page with URL: https://www.adventistas.org/es/asociacionministerial/sede-propietaria/union-uruguaya/  have been purged, triggered by action: edit_terms 
[2026-04-06 14:04:49 : INFO] - Cache for term page with URL: https://www.adventistas.org/es/asociacionministerial/sede-propietaria/asociacion-argentina-central/  have been purged, triggered by action: edit_terms 
[2026-04-06 14:04:49 : INFO] - Cache for term page with URL: https://www.adventistas.org/es/asociacionministerial/sede-propietaria/asociacion-argentina-del-norte/  have been purged, triggered by action: edit_terms 
[2026-04-06 14:04:49 : INFO] - Cache for term page with URL: https://www.adventistas.org/es/asociacionministerial/sede-propietaria/asociacion-argentina-del-sur/  have been purged, triggered by action: edit_terms 
[2026-04-06 14:04:49 : INFO] - Cache for term page with URL: https://www.adventistas.org/es/asociacionministerial/sede-propietaria/asociacion-bonarense/  have been purged, triggered by action: edit_terms 
[2026-04-06 14:04:49 : INFO] - Cache for term page with URL: https://www.adventistas.org/es/asociacionministerial/sede-propietaria/asociacion-centro-sur-de-chile/  have been purged, triggered by action: edit_terms 
[2026-04-06 14:04:49 : INFO] - Cache for term page with URL: https://www.adventistas.org/es/asociacionministerial/sede-propietaria/asociacion-metropolitana-de-chile/  have been purged, triggered by action: edit_terms 
[2026-04-06 14:04:49 : INFO] - Cache for term page with URL: https://www.adventistas.org/es/asociacionministerial/sede-propietaria/asociacion-nor-pacifico-del-peru/  have been purged, triggered by action: edit_terms 
[2026-04-06 14:04:49 : INFO] - Cache for term page with URL: https://www.adventistas.org/es/asociacionministerial/sede-propietaria/asociacion-norte-de-chile/  have been purged, triggered by action: edit_terms 
[2026-04-06 14:04:49 : INFO] - Cache for term page with URL: https://www.adventistas.org/es/asociacionministerial/sede-propietaria/asociacion-peruana-central/  have been purged, triggered by action: edit_terms 
[2026-04-06 14:04:49 : INFO] - Cache for term page with URL: https://www.adventistas.org/es/asociacionministerial/sede-propietaria/asociacion-peruana-central-este/  have been purged, triggered by action: edit_terms 
[2026-04-06 14:04:49 : INFO] - Cache for term page with URL: https://www.adventistas.org/es/asociacionministerial/sede-propietaria/asociacion-sur-austral-de-chile/  have been purged, triggered by action: edit_terms 
[2026-04-06 14:04:49 : INFO] - Cache for term page with URL: https://www.adventistas.org/es/asociacionministerial/sede-propietaria/mision-andina-central/  have been purged, triggered by action: edit_terms 
[2026-04-06 14:04:49 : INFO] - Cache for term page with URL: https://www.adventistas.org/es/asociacionministerial/sede-propietaria/mision-argentina-del-centro-oeste/  have been purged, triggered by action: edit_terms 
[2026-04-06 14:04:49 : INFO] - Cache for term page with URL: https://www.adventistas.org/es/asociacionministerial/sede-propietaria/mision-argentina-del-noroeste/  have been purged, triggered by action: edit_terms 
[2026-04-06 14:04:49 : INFO] - Cache for term page with URL: https://www.adventistas.org/es/asociacionministerial/sede-propietaria/mision-boliviana-central/  have been purged, triggered by action: edit_terms 
[2026-04-06 14:04:49 : INFO] - Cache for term page with URL: https://www.adventistas.org/es/asociacionministerial/sede-propietaria/mision-boliviana-occidental/  have been purged, triggered by action: edit_terms 
[2026-04-06 14:04:49 : INFO] - Cache for term page with URL: https://www.adventistas.org/es/asociacionministerial/sede-propietaria/mision-boliviana-occidental-norte/  have been purged, triggered by action: edit_terms 
[2026-04-06 14:04:49 : INFO] - Cache for term page with URL: https://www.adventistas.org/es/asociacionministerial/sede-propietaria/mision-boliviana-occidental-sur/  have been purged, triggered by action: edit_terms 
[2026-04-06 14:04:49 : INFO] - Cache for term page with URL: https://www.adventistas.org/es/asociacionministerial/sede-propietaria/mision-bonaerense-del-norte/  have been purged, triggered by action: edit_terms 
[2026-04-06 14:04:49 : INFO] - Cache for term page with URL: https://www.adventistas.org/es/asociacionministerial/sede-propietaria/mision-central-de-chile/  have been purged, triggered by action: edit_terms 
[2026-04-06 14:04:49 : INFO] - Cache for term page with URL: https://www.adventistas.org/es/asociacionministerial/sede-propietaria/mision-centro-oeste-del-peru/  have been purged, triggered by action: edit_terms 
[2026-04-06 14:04:49 : INFO] - Cache for term page with URL: https://www.adventistas.org/es/asociacionministerial/sede-propietaria/mision-chilena-del-pacifico/  have been purged, triggered by action: edit_terms 
[2026-04-06 14:04:49 : INFO] - Cache for term page with URL: https://www.adventistas.org/es/asociacionministerial/sede-propietaria/mision-del-lago-titicaca/  have been purged, triggered by action: edit_terms 
[2026-04-06 14:04:49 : INFO] - Cache for term page with URL: https://www.adventistas.org/es/asociacionministerial/sede-propietaria/mision-del-oriente-boliviano/  have been purged, triggered by action: edit_terms 
[2026-04-06 14:04:49 : INFO] - Cache for term page with URL: https://www.adventistas.org/es/asociacionministerial/sede-propietaria/mision-del-oriente-peruano/  have been purged, triggered by action: edit_terms 
[2026-04-06 14:04:49 : INFO] - Cache for term page with URL: https://www.adventistas.org/es/asociacionministerial/sede-propietaria/mision-ecuatoriana-del-norte/  have been purged, triggered by action: edit_terms 
[2026-04-06 14:04:50 : INFO] - Cache for term page with URL: https://www.adventistas.org/es/asociacionministerial/sede-propietaria/mision-ecuatoriana-del-sur/  have been purged, triggered by action: edit_terms 
[2026-04-06 14:04:50 : INFO] - Cache for term page with URL: https://www.adventistas.org/es/asociacionministerial/sede-propietaria/mision-nor-oriental/  have been purged, triggered by action: edit_terms 
[2026-04-06 14:04:50 : INFO] - Cache for term page with URL: https://www.adventistas.org/es/asociacionministerial/sede-propietaria/mision-peruana-central-sur/  have been purged, triggered by action: edit_terms 
[2026-04-06 14:04:50 : INFO] - Cache for term page with URL: https://www.adventistas.org/es/asociacionministerial/sede-propietaria/mision-peruana-del-norte/  have been purged, triggered by action: edit_terms 
[2026-04-06 14:04:50 : INFO] - Cache for term page with URL: https://www.adventistas.org/es/asociacionministerial/sede-propietaria/mision-peruana-del-sur/  have been purged, triggered by action: edit_terms 
[2026-04-06 14:04:50 : INFO] - Cache for term page with URL: https://www.adventistas.org/es/asociacionministerial/sede-propietaria/mision-sur-metropolitana-de-chile/  have been purged, triggered by action: edit_terms 
[2026-04-06 14:04:50 : INFO] - Cache for term page with URL: https://www.adventistas.org/es/asociacionministerial/sede-propietaria/mision-sur-oriental-del-peru/  have been purged, triggered by action: edit_terms 
[2026-04-06 14:04:54 : INFO] - Cache for URL: https://www.adventistas.org/es/asociacionministerial/ has been purged, triggered by action: save_post 
