[2024-12-16 12:52:33 : INFO] - Cache for URL: https://www.adventistas.org/es/posibilidades/sordos-adventistas/ has been purged, triggered by action: save_post 
[2024-12-16 12:52:35 : INFO] - Cache for URL: https://www.adventistas.org/es/posibilidades/ has been purged, triggered by action: save_post 
[2024-12-16 12:52:36 : INFO] - Cache for term page with URL: https://www.adventistas.org/es/posibilidades/collection/audio-de-libros/  have been purged, triggered by action: edit_terms 
[2024-12-16 12:52:36 : INFO] - Cache for term page with URL: https://www.adventistas.org/es/posibilidades/collection/eventos/  have been purged, triggered by action: edit_terms 
[2024-12-16 12:52:36 : INFO] - Cache for term page with URL: https://www.adventistas.org/es/posibilidades/collection/featured/  have been purged, triggered by action: edit_terms 
[2024-12-16 12:52:36 : INFO] - Cache for term page with URL: https://www.adventistas.org/es/posibilidades/collection/fechas-especiales/  have been purged, triggered by action: edit_terms 
[2024-12-16 12:52:36 : INFO] - Cache for term page with URL: https://www.adventistas.org/es/posibilidades/collection/informativo-mundial-de-las-misiones-2otrim-2017/  have been purged, triggered by action: edit_terms 
[2024-12-16 12:52:36 : INFO] - Cache for term page with URL: https://www.adventistas.org/es/posibilidades/collection/noticias/  have been purged, triggered by action: edit_terms 
[2024-12-16 12:52:36 : INFO] - Cache for term page with URL: https://www.adventistas.org/es/posibilidades/collection/preferidos/  have been purged, triggered by action: edit_terms 
[2024-12-16 12:52:36 : INFO] - Cache for term page with URL: https://www.adventistas.org/es/posibilidades/collection/pretrimestral-1er-2017/  have been purged, triggered by action: edit_terms 
[2024-12-16 12:52:36 : INFO] - Cache for term page with URL: https://www.adventistas.org/es/posibilidades/collection/primero-dios/  have been purged, triggered by action: edit_terms 
[2024-12-16 12:52:36 : INFO] - Cache for term page with URL: https://www.adventistas.org/es/posibilidades/collection/promocional/  have been purged, triggered by action: edit_terms 
[2024-12-16 12:52:36 : INFO] - Cache for term page with URL: https://www.adventistas.org/es/posibilidades/collection/series/  have been purged, triggered by action: edit_terms 
[2024-12-16 12:52:36 : INFO] - Cache for term page with URL: https://www.adventistas.org/es/posibilidades/collection/series-estudios-biblicos/  have been purged, triggered by action: edit_terms 
[2024-12-16 12:52:36 : INFO] - Cache for term page with URL: https://www.adventistas.org/es/posibilidades/collection/sermon-mensual-de-fidelidad/  have been purged, triggered by action: edit_terms 
[2024-12-16 12:52:37 : INFO] - Cache for term page with URL: https://www.adventistas.org/es/posibilidades/collection/sermones/  have been purged, triggered by action: edit_terms 
[2024-12-16 12:52:37 : INFO] - Cache for term page with URL: https://www.adventistas.org/es/posibilidades/collection/testimonios/  have been purged, triggered by action: edit_terms 
[2024-12-16 12:52:37 : INFO] - Cache for term page with URL: https://www.adventistas.org/es/posibilidades/collection/videocasts/  have been purged, triggered by action: edit_terms 
[2024-12-16 12:52:37 : INFO] - Cache for term page with URL: https://www.adventistas.org/es/posibilidades/collection/videochats/  have been purged, triggered by action: edit_terms 
[2024-12-16 12:52:37 : INFO] - Cache for term page with URL: https://www.adventistas.org/es/posibilidades/collection/videos-musicales/  have been purged, triggered by action: edit_terms 
[2024-12-16 12:52:37 : INFO] - Cache for term page with URL: https://www.adventistas.org/es/posibilidades/collection/vinetas/  have been purged, triggered by action: edit_terms 
[2024-12-16 12:52:37 : INFO] - Cache for term page with URL: https://www.adventistas.org/es/posibilidades/collection/0-dias-de-oracion-y-10-horas-de-ayuno/  have been purged, triggered by action: edit_terms 
[2024-12-16 12:52:37 : INFO] - Cache for term page with URL: https://www.adventistas.org/es/posibilidades/collection/160-anos-de-la-escuela-sabatica/  have been purged, triggered by action: edit_terms 
[2024-12-16 12:52:37 : INFO] - Cache for term page with URL: https://www.adventistas.org/es/posibilidades/collection/adra-ninos/  have been purged, triggered by action: edit_terms 
[2024-12-16 12:52:37 : INFO] - Cache for term page with URL: https://www.adventistas.org/es/posibilidades/collection/amigos-y-hermanos/  have been purged, triggered by action: edit_terms 
[2024-12-16 12:52:37 : INFO] - Cache for term page with URL: https://www.adventistas.org/es/posibilidades/collection/asn-tv/  have been purged, triggered by action: edit_terms 
[2024-12-16 12:52:37 : INFO] - Cache for term page with URL: https://www.adventistas.org/es/posibilidades/collection/biblia-facil-daniel/  have been purged, triggered by action: edit_terms 
[2024-12-16 12:52:37 : INFO] - Cache for term page with URL: https://www.adventistas.org/es/posibilidades/collection/cambio-de-actitud/  have been purged, triggered by action: edit_terms 
[2024-12-16 12:52:37 : INFO] - Cache for term page with URL: https://www.adventistas.org/es/posibilidades/collection/camporitv-2014/  have been purged, triggered by action: edit_terms 
[2024-12-16 12:52:37 : INFO] - Cache for term page with URL: https://www.adventistas.org/es/posibilidades/collection/capacitacion-teologica-para-lideres/  have been purged, triggered by action: edit_terms 
[2024-12-16 12:52:37 : INFO] - Cache for term page with URL: https://www.adventistas.org/es/posibilidades/collection/capsulas-de-salud/  have been purged, triggered by action: edit_terms 
[2024-12-16 12:52:37 : INFO] - Cache for term page with URL: https://www.adventistas.org/es/posibilidades/collection/centenario-elena-g-white/  have been purged, triggered by action: edit_terms 
[2024-12-16 12:52:37 : INFO] - Cache for term page with URL: https://www.adventistas.org/es/posibilidades/collection/ciclo-de-discipulado-fase-2/  have been purged, triggered by action: edit_terms 
[2024-12-16 12:52:37 : INFO] - Cache for term page with URL: https://www.adventistas.org/es/posibilidades/collection/conectados-entrenamiento-para-adolescentes/  have been purged, triggered by action: edit_terms 
[2024-12-16 12:52:37 : INFO] - Cache for term page with URL: https://www.adventistas.org/es/posibilidades/collection/cuenta-regresiva-2012/  have been purged, triggered by action: edit_terms 
[2024-12-16 12:52:38 : INFO] - Cache for term page with URL: https://www.adventistas.org/es/posibilidades/collection/cuenta-regresiva-2013/  have been purged, triggered by action: edit_terms 
[2024-12-16 12:52:38 : INFO] - Cache for term page with URL: https://www.adventistas.org/es/posibilidades/collection/culto-joven-promocional/  have been purged, triggered by action: edit_terms 
[2024-12-16 12:52:38 : INFO] - Cache for term page with URL: https://www.adventistas.org/es/posibilidades/collection/curso-de-liderazgo-nivel-3/  have been purged, triggered by action: edit_terms 
[2024-12-16 12:52:38 : INFO] - Cache for term page with URL: https://www.adventistas.org/es/posibilidades/collection/curso-de-liderazgo/  have been purged, triggered by action: edit_terms 
[2024-12-16 12:52:38 : INFO] - Cache for term page with URL: https://www.adventistas.org/es/posibilidades/collection/curso-de-liderazgo-para-adolescentes/  have been purged, triggered by action: edit_terms 
[2024-12-16 12:52:38 : INFO] - Cache for term page with URL: https://www.adventistas.org/es/posibilidades/collection/curso-de-liderazgo-para-mujeres/  have been purged, triggered by action: edit_terms 
[2024-12-16 12:52:38 : INFO] - Cache for term page with URL: https://www.adventistas.org/es/posibilidades/collection/descifrando-el-futuro/  have been purged, triggered by action: edit_terms 
[2024-12-16 12:52:38 : INFO] - Cache for term page with URL: https://www.adventistas.org/es/posibilidades/collection/dia-del-pastor/  have been purged, triggered by action: edit_terms 
[2024-12-16 12:52:38 : INFO] - Cache for term page with URL: https://www.adventistas.org/es/posibilidades/collection/el-rescate-de-la-verdad/  have been purged, triggered by action: edit_terms 
[2024-12-16 12:52:38 : INFO] - Cache for term page with URL: https://www.adventistas.org/es/posibilidades/collection/el-santuario/  have been purged, triggered by action: edit_terms 
[2024-12-16 12:52:38 : INFO] - Cache for term page with URL: https://www.adventistas.org/es/posibilidades/collection/el-villano-de-la-semana/  have been purged, triggered by action: edit_terms 
[2024-12-16 12:52:38 : INFO] - Cache for term page with URL: https://www.adventistas.org/es/posibilidades/collection/encuentro-de-padres/  have been purged, triggered by action: edit_terms 
[2024-12-16 12:52:38 : INFO] - Cache for term page with URL: https://www.adventistas.org/es/posibilidades/collection/encuentro-de-padres-2012/  have been purged, triggered by action: edit_terms 
[2024-12-16 12:52:38 : INFO] - Cache for term page with URL: https://www.adventistas.org/es/posibilidades/collection/encuentro-de-padres-2013/  have been purged, triggered by action: edit_terms 
[2024-12-16 12:52:38 : INFO] - Cache for term page with URL: https://www.adventistas.org/es/posibilidades/collection/encuentro-de-padres-2014/  have been purged, triggered by action: edit_terms 
[2024-12-16 12:52:38 : INFO] - Cache for term page with URL: https://www.adventistas.org/es/posibilidades/collection/encuentro-de-padres-2015/  have been purged, triggered by action: edit_terms 
[2024-12-16 12:52:38 : INFO] - Cache for term page with URL: https://www.adventistas.org/es/posibilidades/collection/entrenamiento-feria-de-salud/  have been purged, triggered by action: edit_terms 
[2024-12-16 12:52:38 : INFO] - Cache for term page with URL: https://www.adventistas.org/es/posibilidades/collection/escuela-sabatica/  have been purged, triggered by action: edit_terms 
[2024-12-16 12:52:39 : INFO] - Cache for term page with URL: https://www.adventistas.org/es/posibilidades/collection/eslabones-de-gracia/  have been purged, triggered by action: edit_terms 
[2024-12-16 12:52:39 : INFO] - Cache for term page with URL: https://www.adventistas.org/es/posibilidades/collection/evangelismo-publico-de-cosecha/  have been purged, triggered by action: edit_terms 
[2024-12-16 12:52:39 : INFO] - Cache for term page with URL: https://www.adventistas.org/es/posibilidades/collection/evangelismo-via-satelite-2/  have been purged, triggered by action: edit_terms 
[2024-12-16 12:52:39 : INFO] - Cache for term page with URL: https://www.adventistas.org/es/posibilidades/collection/familias-blindadas-2013/  have been purged, triggered by action: edit_terms 
[2024-12-16 12:52:39 : INFO] - Cache for term page with URL: https://www.adventistas.org/es/posibilidades/collection/finanzas-hogar-y-familia/  have been purged, triggered by action: edit_terms 
[2024-12-16 12:52:39 : INFO] - Cache for term page with URL: https://www.adventistas.org/es/posibilidades/collection/gain-2013/  have been purged, triggered by action: edit_terms 
[2024-12-16 12:52:39 : INFO] - Cache for term page with URL: https://www.adventistas.org/es/posibilidades/collection/gente-como-jesus/  have been purged, triggered by action: edit_terms 
[2024-12-16 12:52:39 : INFO] - Cache for term page with URL: https://www.adventistas.org/es/posibilidades/collection/grupos-pequenos-prototipo/  have been purged, triggered by action: edit_terms 
[2024-12-16 12:52:39 : INFO] - Cache for term page with URL: https://www.adventistas.org/es/posibilidades/collection/guia-de-estudio-mision-caleb/  have been purged, triggered by action: edit_terms 
[2024-12-16 12:52:39 : INFO] - Cache for term page with URL: https://www.adventistas.org/es/posibilidades/collection/hablando-esperanza/  have been purged, triggered by action: edit_terms 
[2024-12-16 12:52:39 : INFO] - Cache for term page with URL: https://www.adventistas.org/es/posibilidades/collection/i-trimestre-2012/  have been purged, triggered by action: edit_terms 
[2024-12-16 12:52:39 : INFO] - Cache for term page with URL: https://www.adventistas.org/es/posibilidades/collection/i-trimestre-2013/  have been purged, triggered by action: edit_terms 
[2024-12-16 12:52:39 : INFO] - Cache for term page with URL: https://www.adventistas.org/es/posibilidades/collection/i-trimestre-2014/  have been purged, triggered by action: edit_terms 
[2024-12-16 12:52:39 : INFO] - Cache for term page with URL: https://www.adventistas.org/es/posibilidades/collection/i-trimestre-2015/  have been purged, triggered by action: edit_terms 
[2024-12-16 12:52:39 : INFO] - Cache for term page with URL: https://www.adventistas.org/es/posibilidades/collection/i-trimestre-2016/  have been purged, triggered by action: edit_terms 
[2024-12-16 12:52:39 : INFO] - Cache for term page with URL: https://www.adventistas.org/es/posibilidades/collection/i-will-go/  have been purged, triggered by action: edit_terms 
[2024-12-16 12:52:39 : INFO] - Cache for term page with URL: https://www.adventistas.org/es/posibilidades/collection/i-will-go-2013/  have been purged, triggered by action: edit_terms 
[2024-12-16 12:52:39 : INFO] - Cache for term page with URL: https://www.adventistas.org/es/posibilidades/collection/iglesia-receptiva/  have been purged, triggered by action: edit_terms 
[2024-12-16 12:52:39 : INFO] - Cache for term page with URL: https://www.adventistas.org/es/posibilidades/collection/ii-trimestre-2012/  have been purged, triggered by action: edit_terms 
[2024-12-16 12:52:39 : INFO] - Cache for term page with URL: https://www.adventistas.org/es/posibilidades/collection/ii-trimestre-2013/  have been purged, triggered by action: edit_terms 
[2024-12-16 12:52:39 : INFO] - Cache for term page with URL: https://www.adventistas.org/es/posibilidades/collection/ii-trimestre-2014/  have been purged, triggered by action: edit_terms 
[2024-12-16 12:52:39 : INFO] - Cache for term page with URL: https://www.adventistas.org/es/posibilidades/collection/ii-trimestre-2015/  have been purged, triggered by action: edit_terms 
[2024-12-16 12:52:40 : INFO] - Cache for term page with URL: https://www.adventistas.org/es/posibilidades/collection/ii-trimestre-2016/  have been purged, triggered by action: edit_terms 
[2024-12-16 12:52:40 : INFO] - Cache for term page with URL: https://www.adventistas.org/es/posibilidades/collection/iii-trimestre-2012/  have been purged, triggered by action: edit_terms 
[2024-12-16 12:52:40 : INFO] - Cache for term page with URL: https://www.adventistas.org/es/posibilidades/collection/iii-trimestre-2013/  have been purged, triggered by action: edit_terms 
[2024-12-16 12:52:40 : INFO] - Cache for term page with URL: https://www.adventistas.org/es/posibilidades/collection/iii-trimestre-2014/  have been purged, triggered by action: edit_terms 
[2024-12-16 12:52:40 : INFO] - Cache for term page with URL: https://www.adventistas.org/es/posibilidades/collection/iii-trimestre-2016/  have been purged, triggered by action: edit_terms 
[2024-12-16 12:52:40 : INFO] - Cache for term page with URL: https://www.adventistas.org/es/posibilidades/collection/iii-trimestre-de-2015/  have been purged, triggered by action: edit_terms 
[2024-12-16 12:52:40 : INFO] - Cache for term page with URL: https://www.adventistas.org/es/posibilidades/collection/informativo-mundial/  have been purged, triggered by action: edit_terms 
[2024-12-16 12:52:40 : INFO] - Cache for term page with URL: https://www.adventistas.org/es/posibilidades/collection/informativo-mundial-de-las-misiones-1otrim-2014/  have been purged, triggered by action: edit_terms 
[2024-12-16 12:52:40 : INFO] - Cache for term page with URL: https://www.adventistas.org/es/posibilidades/collection/informativo-mundial-de-las-misiones-1otrim-2015/  have been purged, triggered by action: edit_terms 
[2024-12-16 12:52:40 : INFO] - Cache for term page with URL: https://www.adventistas.org/es/posibilidades/collection/informativo-mundial-de-las-misiones-1otrim-2016/  have been purged, triggered by action: edit_terms 
[2024-12-16 12:52:40 : INFO] - Cache for term page with URL: https://www.adventistas.org/es/posibilidades/collection/informativo-mundial-misiones-2-tri-2013/  have been purged, triggered by action: edit_terms 
[2024-12-16 12:52:40 : INFO] - Cache for term page with URL: https://www.adventistas.org/es/posibilidades/collection/informativo-mundial-de-las-misiones-2otrim-2014/  have been purged, triggered by action: edit_terms 
[2024-12-16 12:52:40 : INFO] - Cache for term page with URL: https://www.adventistas.org/es/posibilidades/collection/informativo-mundial-de-las-misiones-2otrim-2016/  have been purged, triggered by action: edit_terms 
[2024-12-16 12:52:40 : INFO] - Cache for term page with URL: https://www.adventistas.org/es/posibilidades/collection/informativo-mundial-de-las-misiones-3otrim-2013/  have been purged, triggered by action: edit_terms 
[2024-12-16 12:52:40 : INFO] - Cache for term page with URL: https://www.adventistas.org/es/posibilidades/collection/informativo-mundial-de-las-misiones-3otrim-2014/  have been purged, triggered by action: edit_terms 
[2024-12-16 12:52:40 : INFO] - Cache for term page with URL: https://www.adventistas.org/es/posibilidades/collection/informativo-mundial-de-las-misiones-3otrim-2016/  have been purged, triggered by action: edit_terms 
[2024-12-16 12:52:40 : INFO] - Cache for term page with URL: https://www.adventistas.org/es/posibilidades/collection/informativo-mundial-de-las-misiones-4otrim-2013/  have been purged, triggered by action: edit_terms 
[2024-12-16 12:52:40 : INFO] - Cache for term page with URL: https://www.adventistas.org/es/posibilidades/collection/informativo-mundial-de-las-misiones-4otrim-2014/  have been purged, triggered by action: edit_terms 
[2024-12-16 12:52:40 : INFO] - Cache for term page with URL: https://www.adventistas.org/es/posibilidades/collection/informativo-mundial-de-las-misiones-4otrim-2015/  have been purged, triggered by action: edit_terms 
[2024-12-16 12:52:40 : INFO] - Cache for term page with URL: https://www.adventistas.org/es/posibilidades/collection/informativo-mundial-de-las-misiones-4otrim-2016/  have been purged, triggered by action: edit_terms 
[2024-12-16 12:52:40 : INFO] - Cache for term page with URL: https://www.adventistas.org/es/posibilidades/collection/invitacion-la-ultima-esperanza-2013/  have been purged, triggered by action: edit_terms 
[2024-12-16 12:52:40 : INFO] - Cache for term page with URL: https://www.adventistas.org/es/posibilidades/collection/iv-foro-de-grupos-pequenos/  have been purged, triggered by action: edit_terms 
[2024-12-16 12:52:40 : INFO] - Cache for term page with URL: https://www.adventistas.org/es/posibilidades/collection/iv-trimestre-2012/  have been purged, triggered by action: edit_terms 
[2024-12-16 12:52:41 : INFO] - Cache for term page with URL: https://www.adventistas.org/es/posibilidades/collection/iv-trimestre-2013/  have been purged, triggered by action: edit_terms 
[2024-12-16 12:52:41 : INFO] - Cache for term page with URL: https://www.adventistas.org/es/posibilidades/collection/iv-trimestre-2014/  have been purged, triggered by action: edit_terms 
[2024-12-16 12:52:41 : INFO] - Cache for term page with URL: https://www.adventistas.org/es/posibilidades/collection/iv-trimestre-2015/  have been purged, triggered by action: edit_terms 
[2024-12-16 12:52:41 : INFO] - Cache for term page with URL: https://www.adventistas.org/es/posibilidades/collection/iv-trimestre-2016/  have been purged, triggered by action: edit_terms 
[2024-12-16 12:52:41 : INFO] - Cache for term page with URL: https://www.adventistas.org/es/posibilidades/collection/la-biblia-habla/  have been purged, triggered by action: edit_terms 
[2024-12-16 12:52:41 : INFO] - Cache for term page with URL: https://www.adventistas.org/es/posibilidades/collection/la-ultima-esperanza-serie/  have been purged, triggered by action: edit_terms 
[2024-12-16 12:52:41 : INFO] - Cache for term page with URL: https://www.adventistas.org/es/posibilidades/collection/la-verdad/  have been purged, triggered by action: edit_terms 
[2024-12-16 12:52:41 : INFO] - Cache for term page with URL: https://www.adventistas.org/es/posibilidades/collection/mi-codigo-fuente/  have been purged, triggered by action: edit_terms 
[2024-12-16 12:52:41 : INFO] - Cache for term page with URL: https://www.adventistas.org/es/posibilidades/collection/ministerio-con-pasion/  have been purged, triggered by action: edit_terms 
[2024-12-16 12:52:41 : INFO] - Cache for term page with URL: https://www.adventistas.org/es/posibilidades/collection/mision-360o/  have been purged, triggered by action: edit_terms 
[2024-12-16 12:52:41 : INFO] - Cache for term page with URL: https://www.adventistas.org/es/posibilidades/collection/multiplicando-esperanza/  have been purged, triggered by action: edit_terms 
[2024-12-16 12:52:41 : INFO] - Cache for term page with URL: https://www.adventistas.org/es/posibilidades/collection/pretrimestral/  have been purged, triggered by action: edit_terms 
[2024-12-16 12:52:41 : INFO] - Cache for term page with URL: https://www.adventistas.org/es/posibilidades/collection/pretrimestral-1er-2014/  have been purged, triggered by action: edit_terms 
[2024-12-16 12:52:41 : INFO] - Cache for term page with URL: https://www.adventistas.org/es/posibilidades/collection/pretrimestral-1er-2015/  have been purged, triggered by action: edit_terms 
[2024-12-16 12:52:41 : INFO] - Cache for term page with URL: https://www.adventistas.org/es/posibilidades/collection/pretrimestral-1er-2016/  have been purged, triggered by action: edit_terms 
[2024-12-16 12:52:41 : INFO] - Cache for term page with URL: https://www.adventistas.org/es/posibilidades/collection/pretrimestral-2do-2014/  have been purged, triggered by action: edit_terms 
[2024-12-16 12:52:41 : INFO] - Cache for term page with URL: https://www.adventistas.org/es/posibilidades/collection/pretrimestral-2do-2015/  have been purged, triggered by action: edit_terms 
[2024-12-16 12:52:41 : INFO] - Cache for term page with URL: https://www.adventistas.org/es/posibilidades/collection/pretrimestral-2do-2016/  have been purged, triggered by action: edit_terms 
[2024-12-16 12:52:41 : INFO] - Cache for term page with URL: https://www.adventistas.org/es/posibilidades/collection/pretrimestral-3er-2013/  have been purged, triggered by action: edit_terms 
[2024-12-16 12:52:42 : INFO] - Cache for term page with URL: https://www.adventistas.org/es/posibilidades/collection/pretrimestral-3er-2014/  have been purged, triggered by action: edit_terms 
[2024-12-16 12:52:42 : INFO] - Cache for term page with URL: https://www.adventistas.org/es/posibilidades/collection/pretrimestral-3er-2015/  have been purged, triggered by action: edit_terms 
[2024-12-16 12:52:42 : INFO] - Cache for term page with URL: https://www.adventistas.org/es/posibilidades/collection/pretrimestral-4to-2013/  have been purged, triggered by action: edit_terms 
[2024-12-16 12:52:42 : INFO] - Cache for term page with URL: https://www.adventistas.org/es/posibilidades/collection/pretrimestral-4to-2014/  have been purged, triggered by action: edit_terms 
[2024-12-16 12:52:42 : INFO] - Cache for term page with URL: https://www.adventistas.org/es/posibilidades/collection/pretrimestral-4to-2015/  have been purged, triggered by action: edit_terms 
[2024-12-16 12:52:42 : INFO] - Cache for term page with URL: https://www.adventistas.org/es/posibilidades/collection/pretrimestral-4to-2016/  have been purged, triggered by action: edit_terms 
[2024-12-16 12:52:42 : INFO] - Cache for term page with URL: https://www.adventistas.org/es/posibilidades/collection/probad-y-ved/  have been purged, triggered by action: edit_terms 
[2024-12-16 12:52:42 : INFO] - Cache for term page with URL: https://www.adventistas.org/es/posibilidades/collection/probad-y-ved-2012/  have been purged, triggered by action: edit_terms 
[2024-12-16 12:52:42 : INFO] - Cache for term page with URL: https://www.adventistas.org/es/posibilidades/collection/probad-y-ved-2013/  have been purged, triggered by action: edit_terms 
[2024-12-16 12:52:42 : INFO] - Cache for term page with URL: https://www.adventistas.org/es/posibilidades/collection/probad-y-ved-2014/  have been purged, triggered by action: edit_terms 
[2024-12-16 12:52:42 : INFO] - Cache for term page with URL: https://www.adventistas.org/es/posibilidades/collection/probad-y-ved-2015/  have been purged, triggered by action: edit_terms 
[2024-12-16 12:52:42 : INFO] - Cache for term page with URL: https://www.adventistas.org/es/posibilidades/collection/probad-y-ved-2016/  have been purged, triggered by action: edit_terms 
[2024-12-16 12:52:42 : INFO] - Cache for term page with URL: https://www.adventistas.org/es/posibilidades/collection/probad-y-ved-2017/  have been purged, triggered by action: edit_terms 
[2024-12-16 12:52:42 : INFO] - Cache for term page with URL: https://www.adventistas.org/es/posibilidades/collection/adoracion-en-familia-2013/  have been purged, triggered by action: edit_terms 
[2024-12-16 12:52:42 : INFO] - Cache for term page with URL: https://www.adventistas.org/es/posibilidades/collection/programa-adoracion-en-familia-2014/  have been purged, triggered by action: edit_terms 
[2024-12-16 12:52:43 : INFO] - Cache for term page with URL: https://www.adventistas.org/es/posibilidades/collection/programa-adoracion-en-familia-2015/  have been purged, triggered by action: edit_terms 
[2024-12-16 12:52:43 : INFO] - Cache for term page with URL: https://www.adventistas.org/es/posibilidades/collection/programa-adoracion-en-familia-2016/  have been purged, triggered by action: edit_terms 
[2024-12-16 12:52:43 : INFO] - Cache for term page with URL: https://www.adventistas.org/es/posibilidades/collection/reavivados-por-su-palabra/  have been purged, triggered by action: edit_terms 
[2024-12-16 12:52:43 : INFO] - Cache for term page with URL: https://www.adventistas.org/es/posibilidades/collection/reencuentro/  have been purged, triggered by action: edit_terms 
[2024-12-16 12:52:43 : INFO] - Cache for term page with URL: https://www.adventistas.org/es/posibilidades/collection/reencuentro-2015/  have been purged, triggered by action: edit_terms 
[2024-12-16 12:52:43 : INFO] - Cache for term page with URL: https://www.adventistas.org/es/posibilidades/collection/reencuentro-2016/  have been purged, triggered by action: edit_terms 
[2024-12-16 12:52:43 : INFO] - Cache for term page with URL: https://www.adventistas.org/es/posibilidades/collection/revista-nt/  have been purged, triggered by action: edit_terms 
[2024-12-16 12:52:43 : INFO] - Cache for term page with URL: https://www.adventistas.org/es/posibilidades/collection/rompiendo-el-silencio/  have been purged, triggered by action: edit_terms 
[2024-12-16 12:52:43 : INFO] - Cache for term page with URL: https://www.adventistas.org/es/posibilidades/collection/sacgain-2014/  have been purged, triggered by action: edit_terms 
[2024-12-16 12:52:43 : INFO] - Cache for term page with URL: https://www.adventistas.org/es/posibilidades/collection/salud-para-la-familia/  have been purged, triggered by action: edit_terms 
[2024-12-16 12:52:43 : INFO] - Cache for term page with URL: https://www.adventistas.org/es/posibilidades/collection/semana-de-la-familia/  have been purged, triggered by action: edit_terms 
[2024-12-16 12:52:43 : INFO] - Cache for term page with URL: https://www.adventistas.org/es/posibilidades/collection/semana-de-la-familia-2014/  have been purged, triggered by action: edit_terms 
[2024-12-16 12:52:43 : INFO] - Cache for term page with URL: https://www.adventistas.org/es/posibilidades/collection/semana-de-la-familia-2015/  have been purged, triggered by action: edit_terms 
[2024-12-16 12:52:43 : INFO] - Cache for term page with URL: https://www.adventistas.org/es/posibilidades/collection/semana-la-ultima-esperanza/  have been purged, triggered by action: edit_terms 
[2024-12-16 12:52:43 : INFO] - Cache for term page with URL: https://www.adventistas.org/es/posibilidades/collection/semana-santa/  have been purged, triggered by action: edit_terms 
[2024-12-16 12:52:43 : INFO] - Cache for term page with URL: https://www.adventistas.org/es/posibilidades/collection/semana-santa-2014/  have been purged, triggered by action: edit_terms 
[2024-12-16 12:52:44 : INFO] - Cache for term page with URL: https://www.adventistas.org/es/posibilidades/collection/semana-santa-2016/  have been purged, triggered by action: edit_terms 
[2024-12-16 12:52:44 : INFO] - Cache for term page with URL: https://www.adventistas.org/es/posibilidades/collection/testimonio-semana-mayordomia-cristiana-2014/  have been purged, triggered by action: edit_terms 
[2024-12-16 12:52:44 : INFO] - Cache for term page with URL: https://www.adventistas.org/es/posibilidades/collection/testimonio-semana-mayordomia-cristiana-2015/  have been purged, triggered by action: edit_terms 
[2024-12-16 12:52:44 : INFO] - Cache for term page with URL: https://www.adventistas.org/es/posibilidades/collection/testimonios-misioneros/  have been purged, triggered by action: edit_terms 
[2024-12-16 12:52:44 : INFO] - Cache for term page with URL: https://www.adventistas.org/es/posibilidades/collection/testimonios-plenariadsa-2013/  have been purged, triggered by action: edit_terms 
[2024-12-16 12:52:44 : INFO] - Cache for term page with URL: https://www.adventistas.org/es/posibilidades/collection/unidos-en-oracion/  have been purged, triggered by action: edit_terms 
[2024-12-16 12:52:44 : INFO] - Cache for term page with URL: https://www.adventistas.org/es/posibilidades/collection/videoclips-nuevo-tiempo/  have been purged, triggered by action: edit_terms 
[2024-12-16 12:52:44 : INFO] - Cache for term page with URL: https://www.adventistas.org/es/posibilidades/collection/yo-conozco-mi-historia-series/  have been purged, triggered by action: edit_terms 
[2024-12-16 12:52:44 : INFO] - Cache for term page with URL: https://www.adventistas.org/es/posibilidades/collection/yo-pienso-asi/  have been purged, triggered by action: edit_terms 
[2024-12-16 12:52:44 : INFO] - Cache for term page with URL: https://www.adventistas.org/es/posibilidades/regional-headquarter/dsa/  have been purged, triggered by action: edit_terms 
[2024-12-16 12:52:44 : INFO] - Cache for term page with URL: https://www.adventistas.org/es/posibilidades/regional-headquarter/ua/  have been purged, triggered by action: edit_terms 
[2024-12-16 12:52:44 : INFO] - Cache for term page with URL: https://www.adventistas.org/es/posibilidades/regional-headquarter/ub/  have been purged, triggered by action: edit_terms 
[2024-12-16 12:52:44 : INFO] - Cache for term page with URL: https://www.adventistas.org/es/posibilidades/regional-headquarter/uch/  have been purged, triggered by action: edit_terms 
[2024-12-16 12:52:44 : INFO] - Cache for term page with URL: https://www.adventistas.org/es/posibilidades/regional-headquarter/ue/  have been purged, triggered by action: edit_terms 
[2024-12-16 12:52:44 : INFO] - Cache for term page with URL: https://www.adventistas.org/es/posibilidades/regional-headquarter/up/  have been purged, triggered by action: edit_terms 
[2024-12-16 12:52:44 : INFO] - Cache for term page with URL: https://www.adventistas.org/es/posibilidades/regional-headquarter/upn/  have been purged, triggered by action: edit_terms 
[2024-12-16 12:52:44 : INFO] - Cache for term page with URL: https://www.adventistas.org/es/posibilidades/regional-headquarter/ups/  have been purged, triggered by action: edit_terms 
[2024-12-16 12:52:45 : INFO] - Cache for term page with URL: https://www.adventistas.org/es/posibilidades/regional-headquarter/uu/  have been purged, triggered by action: edit_terms 
[2024-12-16 12:52:45 : INFO] - Cache for term page with URL: https://www.adventistas.org/es/posibilidades/regional-headquarter/aac/  have been purged, triggered by action: edit_terms 
[2024-12-16 12:52:45 : INFO] - Cache for term page with URL: https://www.adventistas.org/es/posibilidades/regional-headquarter/aan/  have been purged, triggered by action: edit_terms 
[2024-12-16 12:52:45 : INFO] - Cache for term page with URL: https://www.adventistas.org/es/posibilidades/regional-headquarter/aas/  have been purged, triggered by action: edit_terms 
[2024-12-16 12:52:45 : INFO] - Cache for term page with URL: https://www.adventistas.org/es/posibilidades/regional-headquarter/abo/  have been purged, triggered by action: edit_terms 
[2024-12-16 12:52:45 : INFO] - Cache for term page with URL: https://www.adventistas.org/es/posibilidades/regional-headquarter/acsch/  have been purged, triggered by action: edit_terms 
[2024-12-16 12:52:45 : INFO] - Cache for term page with URL: https://www.adventistas.org/es/posibilidades/regional-headquarter/amch/  have been purged, triggered by action: edit_terms 
[2024-12-16 12:52:45 : INFO] - Cache for term page with URL: https://www.adventistas.org/es/posibilidades/regional-headquarter/anop/  have been purged, triggered by action: edit_terms 
[2024-12-16 12:52:45 : INFO] - Cache for term page with URL: https://www.adventistas.org/es/posibilidades/regional-headquarter/anch/  have been purged, triggered by action: edit_terms 
[2024-12-16 12:52:45 : INFO] - Cache for term page with URL: https://www.adventistas.org/es/posibilidades/regional-headquarter/apc/  have been purged, triggered by action: edit_terms 
[2024-12-16 12:52:45 : INFO] - Cache for term page with URL: https://www.adventistas.org/es/posibilidades/regional-headquarter/apce/  have been purged, triggered by action: edit_terms 
[2024-12-16 12:52:45 : INFO] - Cache for term page with URL: https://www.adventistas.org/es/posibilidades/regional-headquarter/asach/  have been purged, triggered by action: edit_terms 
[2024-12-16 12:52:45 : INFO] - Cache for term page with URL: https://www.adventistas.org/es/posibilidades/regional-headquarter/mac/  have been purged, triggered by action: edit_terms 
[2024-12-16 12:52:45 : INFO] - Cache for term page with URL: https://www.adventistas.org/es/posibilidades/regional-headquarter/maco/  have been purged, triggered by action: edit_terms 
[2024-12-16 12:52:45 : INFO] - Cache for term page with URL: https://www.adventistas.org/es/posibilidades/regional-headquarter/mano/  have been purged, triggered by action: edit_terms 
[2024-12-16 12:52:45 : INFO] - Cache for term page with URL: https://www.adventistas.org/es/posibilidades/regional-headquarter/mbc/  have been purged, triggered by action: edit_terms 
[2024-12-16 12:52:45 : INFO] - Cache for term page with URL: https://www.adventistas.org/es/posibilidades/regional-headquarter/mbo/  have been purged, triggered by action: edit_terms 
[2024-12-16 12:52:45 : INFO] - Cache for term page with URL: https://www.adventistas.org/es/posibilidades/regional-headquarter/mbon/  have been purged, triggered by action: edit_terms 
[2024-12-16 12:52:45 : INFO] - Cache for term page with URL: https://www.adventistas.org/es/posibilidades/regional-headquarter/mbos/  have been purged, triggered by action: edit_terms 
[2024-12-16 12:52:45 : INFO] - Cache for term page with URL: https://www.adventistas.org/es/posibilidades/regional-headquarter/mibon-ua/  have been purged, triggered by action: edit_terms 
[2024-12-16 12:52:45 : INFO] - Cache for term page with URL: https://www.adventistas.org/es/posibilidades/regional-headquarter/mcch/  have been purged, triggered by action: edit_terms 
[2024-12-16 12:52:45 : INFO] - Cache for term page with URL: https://www.adventistas.org/es/posibilidades/regional-headquarter/micop/  have been purged, triggered by action: edit_terms 
[2024-12-16 12:52:45 : INFO] - Cache for term page with URL: https://www.adventistas.org/es/posibilidades/regional-headquarter/mchp/  have been purged, triggered by action: edit_terms 
[2024-12-16 12:52:45 : INFO] - Cache for term page with URL: https://www.adventistas.org/es/posibilidades/regional-headquarter/mlt/  have been purged, triggered by action: edit_terms 
[2024-12-16 12:52:45 : INFO] - Cache for term page with URL: https://www.adventistas.org/es/posibilidades/regional-headquarter/mob/  have been purged, triggered by action: edit_terms 
[2024-12-16 12:52:45 : INFO] - Cache for term page with URL: https://www.adventistas.org/es/posibilidades/regional-headquarter/mop/  have been purged, triggered by action: edit_terms 
[2024-12-16 12:52:45 : INFO] - Cache for term page with URL: https://www.adventistas.org/es/posibilidades/regional-headquarter/men/  have been purged, triggered by action: edit_terms 
[2024-12-16 12:52:46 : INFO] - Cache for term page with URL: https://www.adventistas.org/es/posibilidades/regional-headquarter/mes/  have been purged, triggered by action: edit_terms 
[2024-12-16 12:52:46 : INFO] - Cache for term page with URL: https://www.adventistas.org/es/posibilidades/regional-headquarter/mno/  have been purged, triggered by action: edit_terms 
[2024-12-16 12:52:46 : INFO] - Cache for term page with URL: https://www.adventistas.org/es/posibilidades/regional-headquarter/mpcs/  have been purged, triggered by action: edit_terms 
[2024-12-16 12:52:46 : INFO] - Cache for term page with URL: https://www.adventistas.org/es/posibilidades/regional-headquarter/mpn/  have been purged, triggered by action: edit_terms 
[2024-12-16 12:52:46 : INFO] - Cache for term page with URL: https://www.adventistas.org/es/posibilidades/regional-headquarter/mps/  have been purged, triggered by action: edit_terms 
[2024-12-16 12:52:46 : INFO] - Cache for term page with URL: https://www.adventistas.org/es/posibilidades/regional-headquarter/msmch/  have been purged, triggered by action: edit_terms 
[2024-12-16 12:52:46 : INFO] - Cache for term page with URL: https://www.adventistas.org/es/posibilidades/regional-headquarter/msop/  have been purged, triggered by action: edit_terms 
[2024-12-16 12:52:46 : INFO] - Cache for term page with URL: https://www.adventistas.org/es/posibilidades/editorial/biblia/  have been purged, triggered by action: edit_terms 
[2024-12-16 12:52:46 : INFO] - Cache for term page with URL: https://www.adventistas.org/es/posibilidades/editorial/ciencia/  have been purged, triggered by action: edit_terms 
[2024-12-16 12:52:46 : INFO] - Cache for term page with URL: https://www.adventistas.org/es/posibilidades/editorial/comportamiento/  have been purged, triggered by action: edit_terms 
[2024-12-16 12:52:46 : INFO] - Cache for term page with URL: https://www.adventistas.org/es/posibilidades/editorial/comunicacion/  have been purged, triggered by action: edit_terms 
[2024-12-16 12:52:46 : INFO] - Cache for term page with URL: https://www.adventistas.org/es/posibilidades/editorial/cultura/  have been purged, triggered by action: edit_terms 
[2024-12-16 12:52:46 : INFO] - Cache for term page with URL: https://www.adventistas.org/es/posibilidades/editorial/educacion/  have been purged, triggered by action: edit_terms 
[2024-12-16 12:52:47 : INFO] - Cache for term page with URL: https://www.adventistas.org/es/posibilidades/editorial/estilo-de-vida/  have been purged, triggered by action: edit_terms 
[2024-12-16 12:52:47 : INFO] - Cache for term page with URL: https://www.adventistas.org/es/posibilidades/editorial/evangelismo/  have been purged, triggered by action: edit_terms 
[2024-12-16 12:52:47 : INFO] - Cache for term page with URL: https://www.adventistas.org/es/posibilidades/editorial/eventos/  have been purged, triggered by action: edit_terms 
[2024-12-16 12:52:47 : INFO] - Cache for term page with URL: https://www.adventistas.org/es/posibilidades/editorial/familia/  have been purged, triggered by action: edit_terms 
[2024-12-16 12:52:47 : INFO] - Cache for term page with URL: https://www.adventistas.org/es/posibilidades/editorial/fechas-especiales/  have been purged, triggered by action: edit_terms 
[2024-12-16 12:52:47 : INFO] - Cache for term page with URL: https://www.adventistas.org/es/posibilidades/editorial/infantil/  have been purged, triggered by action: edit_terms 
[2024-12-16 12:52:47 : INFO] - Cache for term page with URL: https://www.adventistas.org/es/posibilidades/editorial/institucional/  have been purged, triggered by action: edit_terms 
[2024-12-16 12:52:47 : INFO] - Cache for term page with URL: https://www.adventistas.org/es/posibilidades/editorial/liberdad-religiosa/  have been purged, triggered by action: edit_terms 
[2024-12-16 12:52:47 : INFO] - Cache for term page with URL: https://www.adventistas.org/es/posibilidades/editorial/medio-ambiente/  have been purged, triggered by action: edit_terms 
[2024-12-16 12:52:47 : INFO] - Cache for term page with URL: https://www.adventistas.org/es/posibilidades/editorial/mision/  have been purged, triggered by action: edit_terms 
[2024-12-16 12:52:47 : INFO] - Cache for term page with URL: https://www.adventistas.org/es/posibilidades/editorial/personas/  have been purged, triggered by action: edit_terms 
[2024-12-16 12:52:47 : INFO] - Cache for term page with URL: https://www.adventistas.org/es/posibilidades/editorial/proyectos-sociales/  have been purged, triggered by action: edit_terms 
[2024-12-16 12:52:47 : INFO] - Cache for term page with URL: https://www.adventistas.org/es/posibilidades/editorial/publicaciones/  have been purged, triggered by action: edit_terms 
[2024-12-16 12:52:47 : INFO] - Cache for term page with URL: https://www.adventistas.org/es/posibilidades/editorial/salud/  have been purged, triggered by action: edit_terms 
[2024-12-16 12:52:47 : INFO] - Cache for term page with URL: https://www.adventistas.org/es/posibilidades/editorial/tecnologia/  have been purged, triggered by action: edit_terms 
[2024-12-16 12:52:48 : INFO] - Cache for term page with URL: https://www.adventistas.org/es/posibilidades/departamento/adra/  have been purged, triggered by action: edit_terms 
[2024-12-16 12:52:48 : INFO] - Cache for term page with URL: https://www.adventistas.org/es/posibilidades/departamento/afam/  have been purged, triggered by action: edit_terms 
[2024-12-16 12:52:48 : INFO] - Cache for term page with URL: https://www.adventistas.org/es/posibilidades/departamento/asa/  have been purged, triggered by action: edit_terms 
[2024-12-16 12:52:48 : INFO] - Cache for term page with URL: https://www.adventistas.org/es/posibilidades/departamento/asociacion-ministerial/  have been purged, triggered by action: edit_terms 
[2024-12-16 12:52:48 : INFO] - Cache for term page with URL: https://www.adventistas.org/es/posibilidades/departamento/aventurero/  have been purged, triggered by action: edit_terms 
[2024-12-16 12:52:48 : INFO] - Cache for term page with URL: https://www.adventistas.org/es/posibilidades/departamento/comunicacion/  have been purged, triggered by action: edit_terms 
[2024-12-16 12:52:48 : INFO] - Cache for term page with URL: https://www.adventistas.org/es/posibilidades/departamento/conquistadores/  have been purged, triggered by action: edit_terms 
[2024-12-16 12:52:48 : INFO] - Cache for term page with URL: https://www.adventistas.org/es/posibilidades/departamento/educacion/  have been purged, triggered by action: edit_terms 
[2024-12-16 12:52:48 : INFO] - Cache for term page with URL: https://www.adventistas.org/es/posibilidades/departamento/escuela-sabatica/  have been purged, triggered by action: edit_terms 
[2024-12-16 12:52:48 : INFO] - Cache for term page with URL: https://www.adventistas.org/es/posibilidades/departamento/espiritu-de-profecia/  have been purged, triggered by action: edit_terms 
[2024-12-16 12:52:48 : INFO] - Cache for term page with URL: https://www.adventistas.org/es/posibilidades/departamento/evangelismo/  have been purged, triggered by action: edit_terms 
[2024-12-16 12:52:48 : INFO] - Cache for term page with URL: https://www.adventistas.org/es/posibilidades/departamento/institucional/  have been purged, triggered by action: edit_terms 
[2024-12-16 12:52:49 : INFO] - Cache for term page with URL: https://www.adventistas.org/es/posibilidades/departamento/libertad-religiosa/  have been purged, triggered by action: edit_terms 
[2024-12-16 12:52:49 : INFO] - Cache for term page with URL: https://www.adventistas.org/es/posibilidades/departamento/mayordomia-cristiana/  have been purged, triggered by action: edit_terms 
[2024-12-16 12:52:49 : INFO] - Cache for term page with URL: https://www.adventistas.org/es/posibilidades/departamento/ministerio-adventista-de-las-posibilidades/  have been purged, triggered by action: edit_terms 
[2024-12-16 12:52:49 : INFO] - Cache for term page with URL: https://www.adventistas.org/es/posibilidades/departamento/ministerio-de-la-familia/  have been purged, triggered by action: edit_terms 
[2024-12-16 12:52:49 : INFO] - Cache for term page with URL: https://www.adventistas.org/es/posibilidades/departamento/ministerio-de-la-mujer/  have been purged, triggered by action: edit_terms 
[2024-12-16 12:52:49 : INFO] - Cache for term page with URL: https://www.adventistas.org/es/posibilidades/departamento/ministerio-de-la-musica/  have been purged, triggered by action: edit_terms 
[2024-12-16 12:52:49 : INFO] - Cache for term page with URL: https://www.adventistas.org/es/posibilidades/departamento/ministerio-de-la-recepcion/  have been purged, triggered by action: edit_terms 
[2024-12-16 12:52:49 : INFO] - Cache for term page with URL: https://www.adventistas.org/es/posibilidades/departamento/ministerio-de-los-adolescentes/  have been purged, triggered by action: edit_terms 
[2024-12-16 12:52:49 : INFO] - Cache for term page with URL: https://www.adventistas.org/es/posibilidades/departamento/ministerio-de-publicaciones/  have been purged, triggered by action: edit_terms 
[2024-12-16 12:52:49 : INFO] - Cache for term page with URL: https://www.adventistas.org/es/posibilidades/departamento/ministerio-del-nino/  have been purged, triggered by action: edit_terms 
[2024-12-16 12:52:49 : INFO] - Cache for term page with URL: https://www.adventistas.org/es/posibilidades/departamento/ministerio-joven/  have been purged, triggered by action: edit_terms 
[2024-12-16 12:52:49 : INFO] - Cache for term page with URL: https://www.adventistas.org/es/posibilidades/departamento/ministerio-personal/  have been purged, triggered by action: edit_terms 
[2024-12-16 12:52:49 : INFO] - Cache for term page with URL: https://www.adventistas.org/es/posibilidades/departamento/mision-global/  have been purged, triggered by action: edit_terms 
[2024-12-16 12:52:49 : INFO] - Cache for term page with URL: https://www.adventistas.org/es/posibilidades/departamento/salt/  have been purged, triggered by action: edit_terms 
[2024-12-16 12:52:49 : INFO] - Cache for term page with URL: https://www.adventistas.org/es/posibilidades/departamento/salud/  have been purged, triggered by action: edit_terms 
[2024-12-16 12:52:49 : INFO] - Cache for term page with URL: https://www.adventistas.org/es/posibilidades/departamento/secretaria/  have been purged, triggered by action: edit_terms 
[2024-12-16 12:52:49 : INFO] - Cache for term page with URL: https://www.adventistas.org/es/posibilidades/departamento/servicio-voluntario-adventista/  have been purged, triggered by action: edit_terms 
[2024-12-16 12:52:49 : INFO] - Cache for term page with URL: https://www.adventistas.org/es/posibilidades/departamento/tesoreria/  have been purged, triggered by action: edit_terms 
[2024-12-16 12:52:50 : INFO] - Cache for term page with URL: https://www.adventistas.org/es/posibilidades/xtt-pa-projetos/10-dias-de-oracion-y-10-horas-de-ayuno-y-oracion/  have been purged, triggered by action: edit_terms 
[2024-12-16 12:52:50 : INFO] - Cache for term page with URL: https://www.adventistas.org/es/posibilidades/xtt-pa-projetos/100-dias-oracion/  have been purged, triggered by action: edit_terms 
[2024-12-16 12:52:50 : INFO] - Cache for term page with URL: https://www.adventistas.org/es/posibilidades/xtt-pa-projetos/adoracion-en-familia/  have been purged, triggered by action: edit_terms 
[2024-12-16 12:52:50 : INFO] - Cache for term page with URL: https://www.adventistas.org/es/posibilidades/xtt-pa-projetos/adoracion-infantil/  have been purged, triggered by action: edit_terms 
[2024-12-16 12:52:50 : INFO] - Cache for term page with URL: https://www.adventistas.org/es/posibilidades/xtt-pa-projetos/amando-para-la-eternidad/  have been purged, triggered by action: edit_terms 
[2024-12-16 12:52:50 : INFO] - Cache for term page with URL: https://www.adventistas.org/es/posibilidades/xtt-pa-projetos/amigos-de-esperanza/  have been purged, triggered by action: edit_terms 
[2024-12-16 12:52:50 : INFO] - Cache for term page with URL: https://www.adventistas.org/es/posibilidades/xtt-pa-projetos/asn-update/  have been purged, triggered by action: edit_terms 
[2024-12-16 12:52:51 : INFO] - Cache for term page with URL: https://www.adventistas.org/es/posibilidades/xtt-pa-projetos/auxiliaton/  have been purged, triggered by action: edit_terms 
[2024-12-16 12:52:51 : INFO] - Cache for term page with URL: https://www.adventistas.org/es/posibilidades/xtt-pa-projetos/auxilio-para-desastres/  have been purged, triggered by action: edit_terms 
[2024-12-16 12:52:51 : INFO] - Cache for term page with URL: https://www.adventistas.org/es/posibilidades/xtt-pa-projetos/aventuras-de-adra-para-ninos/  have been purged, triggered by action: edit_terms 
[2024-12-16 12:52:51 : INFO] - Cache for term page with URL: https://www.adventistas.org/es/posibilidades/xtt-pa-projetos/basta-de-silencio/  have been purged, triggered by action: edit_terms 
[2024-12-16 12:52:51 : INFO] - Cache for term page with URL: https://www.adventistas.org/es/posibilidades/xtt-pa-projetos/bautismo-de-primavera/  have been purged, triggered by action: edit_terms 
[2024-12-16 12:52:51 : INFO] - Cache for term page with URL: https://www.adventistas.org/es/posibilidades/xtt-pa-projetos/bueno-con-la-biblia/  have been purged, triggered by action: edit_terms 
[2024-12-16 12:52:51 : INFO] - Cache for term page with URL: https://www.adventistas.org/es/posibilidades/xtt-pa-projetos/campori/  have been purged, triggered by action: edit_terms 
[2024-12-16 12:52:51 : INFO] - Cache for term page with URL: https://www.adventistas.org/es/posibilidades/xtt-pa-projetos/campori-2019/  have been purged, triggered by action: edit_terms 
[2024-12-16 12:52:51 : INFO] - Cache for term page with URL: https://www.adventistas.org/es/posibilidades/xtt-pa-projetos/cd-joven/  have been purged, triggered by action: edit_terms 
[2024-12-16 12:52:51 : INFO] - Cache for term page with URL: https://www.adventistas.org/es/posibilidades/xtt-pa-projetos/centros-de-influencia/  have been purged, triggered by action: edit_terms 
[2024-12-16 12:52:51 : INFO] - Cache for term page with URL: https://www.adventistas.org/es/posibilidades/xtt-pa-projetos/ciclo-de-discipulado/  have been purged, triggered by action: edit_terms 
[2024-12-16 12:52:51 : INFO] - Cache for term page with URL: https://www.adventistas.org/es/posibilidades/xtt-pa-projetos/circuito-de-campeones/  have been purged, triggered by action: edit_terms 
[2024-12-16 12:52:51 : INFO] - Cache for term page with URL: https://www.adventistas.org/es/posibilidades/xtt-pa-projetos/clase-biblica/  have been purged, triggered by action: edit_terms 
[2024-12-16 12:52:51 : INFO] - Cache for term page with URL: https://www.adventistas.org/es/posibilidades/xtt-pa-projetos/club-de-jovenes/  have been purged, triggered by action: edit_terms 
[2024-12-16 12:52:51 : INFO] - Cache for term page with URL: https://www.adventistas.org/es/posibilidades/xtt-pa-projetos/colecta-nacional/  have been purged, triggered by action: edit_terms 
[2024-12-16 12:52:51 : INFO] - Cache for term page with URL: https://www.adventistas.org/es/posibilidades/xtt-pa-projetos/color-y-sabor-en-la-biblia/  have been purged, triggered by action: edit_terms 
[2024-12-16 12:52:51 : INFO] - Cache for term page with URL: https://www.adventistas.org/es/posibilidades/xtt-pa-projetos/como-dejar-de-fumar/  have been purged, triggered by action: edit_terms 
[2024-12-16 12:52:51 : INFO] - Cache for term page with URL: https://www.adventistas.org/es/posibilidades/xtt-pa-projetos/concilio-anual-2019/  have been purged, triggered by action: edit_terms 
[2024-12-16 12:52:51 : INFO] - Cache for term page with URL: https://www.adventistas.org/es/posibilidades/xtt-pa-projetos/concilio-de-publicaciones/  have been purged, triggered by action: edit_terms 
[2024-12-16 12:52:51 : INFO] - Cache for term page with URL: https://www.adventistas.org/es/posibilidades/xtt-pa-projetos/conectados/  have been purged, triggered by action: edit_terms 
[2024-12-16 12:52:51 : INFO] - Cache for term page with URL: https://www.adventistas.org/es/posibilidades/xtt-pa-projetos/consejo-anual-2018/  have been purged, triggered by action: edit_terms 
[2024-12-16 12:52:51 : INFO] - Cache for term page with URL: https://www.adventistas.org/es/posibilidades/xtt-pa-projetos/consejo-anual-2019/  have been purged, triggered by action: edit_terms 
[2024-12-16 12:52:51 : INFO] - Cache for term page with URL: https://www.adventistas.org/es/posibilidades/xtt-pa-projetos/consultores-de-salud-familiar/  have been purged, triggered by action: edit_terms 
[2024-12-16 12:52:52 : INFO] - Cache for term page with URL: https://www.adventistas.org/es/posibilidades/xtt-pa-projetos/cuenta-regresiva/  have been purged, triggered by action: edit_terms 
[2024-12-16 12:52:52 : INFO] - Cache for term page with URL: https://www.adventistas.org/es/posibilidades/xtt-pa-projetos/culto-joven/  have been purged, triggered by action: edit_terms 
[2024-12-16 12:52:52 : INFO] - Cache for term page with URL: https://www.adventistas.org/es/posibilidades/xtt-pa-projetos/curso-de-liderazgo-adolescente/  have been purged, triggered by action: edit_terms 
[2024-12-16 12:52:52 : INFO] - Cache for term page with URL: https://www.adventistas.org/es/posibilidades/xtt-pa-projetos/curso-de-novios/  have been purged, triggered by action: edit_terms 
[2024-12-16 12:52:52 : INFO] - Cache for term page with URL: https://www.adventistas.org/es/posibilidades/xtt-pa-projetos/descifrando-el-futuro/  have been purged, triggered by action: edit_terms 
[2024-12-16 12:52:52 : INFO] - Cache for term page with URL: https://www.adventistas.org/es/posibilidades/xtt-pa-projetos/el-rescate-de-la-verdad/  have been purged, triggered by action: edit_terms 
[2024-12-16 12:52:52 : INFO] - Cache for term page with URL: https://www.adventistas.org/es/posibilidades/xtt-pa-projetos/encuentro-de-padres/  have been purged, triggered by action: edit_terms 
[2024-12-16 12:52:52 : INFO] - Cache for term page with URL: https://www.adventistas.org/es/posibilidades/xtt-pa-projetos/escuela-de-cocina-vegetariana/  have been purged, triggered by action: edit_terms 
[2024-12-16 12:52:52 : INFO] - Cache for term page with URL: https://www.adventistas.org/es/posibilidades/xtt-pa-projetos/escuela-de-evangelistas/  have been purged, triggered by action: edit_terms 
[2024-12-16 12:52:52 : INFO] - Cache for term page with URL: https://www.adventistas.org/es/posibilidades/xtt-pa-projetos/escuela-de-vacaciones/  have been purged, triggered by action: edit_terms 
[2024-12-16 12:52:52 : INFO] - Cache for term page with URL: https://www.adventistas.org/es/posibilidades/xtt-pa-projetos/eslabones-de-gracia/  have been purged, triggered by action: edit_terms 
[2024-12-16 12:52:52 : INFO] - Cache for term page with URL: https://www.adventistas.org/es/posibilidades/xtt-pa-projetos/esperanza-para-las-grandes-ciudades/  have been purged, triggered by action: edit_terms 
[2024-12-16 12:52:52 : INFO] - Cache for term page with URL: https://www.adventistas.org/es/posibilidades/xtt-pa-projetos/evangelismo-escuela/  have been purged, triggered by action: edit_terms 
[2024-12-16 12:52:52 : INFO] - Cache for term page with URL: https://www.adventistas.org/es/posibilidades/xtt-pa-projetos/evangelismo-via-satelite/  have been purged, triggered by action: edit_terms 
[2024-12-16 12:52:52 : INFO] - Cache for term page with URL: https://www.adventistas.org/es/posibilidades/xtt-pa-projetos/feria-de-salud/  have been purged, triggered by action: edit_terms 
[2024-12-16 12:52:52 : INFO] - Cache for term page with URL: https://www.adventistas.org/es/posibilidades/xtt-pa-projetos/finanzas-de-la-familia/  have been purged, triggered by action: edit_terms 
[2024-12-16 12:52:52 : INFO] - Cache for term page with URL: https://www.adventistas.org/es/posibilidades/xtt-pa-projetos/gc2015/  have been purged, triggered by action: edit_terms 
[2024-12-16 12:52:52 : INFO] - Cache for term page with URL: https://www.adventistas.org/es/posibilidades/xtt-pa-projetos/gestion-de-crisis/  have been purged, triggered by action: edit_terms 
[2024-12-16 12:52:52 : INFO] - Cache for term page with URL: https://www.adventistas.org/es/posibilidades/xtt-pa-projetos/grupos-pequenos/  have been purged, triggered by action: edit_terms 
[2024-12-16 12:52:53 : INFO] - Cache for term page with URL: https://www.adventistas.org/es/posibilidades/xtt-pa-projetos/guardianes-de-los-tesoros/  have been purged, triggered by action: edit_terms 
[2024-12-16 12:52:53 : INFO] - Cache for term page with URL: https://www.adventistas.org/es/posibilidades/xtt-pa-projetos/impacto-esperanza/  have been purged, triggered by action: edit_terms 
[2024-12-16 12:52:53 : INFO] - Cache for term page with URL: https://www.adventistas.org/es/posibilidades/xtt-pa-projetos/la-biblia-habla/  have been purged, triggered by action: edit_terms 
[2024-12-16 12:52:53 : INFO] - Cache for term page with URL: https://www.adventistas.org/es/posibilidades/xtt-pa-projetos/la-gran-esperanza-2011/  have been purged, triggered by action: edit_terms 
[2024-12-16 12:52:53 : INFO] - Cache for term page with URL: https://www.adventistas.org/es/posibilidades/xtt-pa-projetos/la-gran-esperanza-2012/  have been purged, triggered by action: edit_terms 
[2024-12-16 12:52:53 : INFO] - Cache for term page with URL: https://www.adventistas.org/es/posibilidades/xtt-pa-projetos/la-presencia-de-dios-en-mi-vida/  have been purged, triggered by action: edit_terms 
[2024-12-16 12:52:53 : INFO] - Cache for term page with URL: https://www.adventistas.org/es/posibilidades/xtt-pa-projetos/la-ultima-esperanza-2013/  have been purged, triggered by action: edit_terms 
[2024-12-16 12:52:53 : INFO] - Cache for term page with URL: https://www.adventistas.org/es/posibilidades/xtt-pa-projetos/la-unica-esperanza/  have been purged, triggered by action: edit_terms 
[2024-12-16 12:52:53 : INFO] - Cache for term page with URL: https://www.adventistas.org/es/posibilidades/xtt-pa-projetos/maranataja/  have been purged, triggered by action: edit_terms 
[2024-12-16 12:52:53 : INFO] - Cache for term page with URL: https://www.adventistas.org/es/posibilidades/xtt-pa-projetos/mas-amor-en-navidad/  have been purged, triggered by action: edit_terms 
[2024-12-16 12:52:53 : INFO] - Cache for term page with URL: https://www.adventistas.org/es/posibilidades/xtt-pa-projetos/master-white/  have been purged, triggered by action: edit_terms 
[2024-12-16 12:52:53 : INFO] - Cache for term page with URL: https://www.adventistas.org/es/posibilidades/xtt-pa-projetos/mi-biblia-mi-amiga/  have been purged, triggered by action: edit_terms 
[2024-12-16 12:52:53 : INFO] - Cache for term page with URL: https://www.adventistas.org/es/posibilidades/xtt-pa-projetos/mi-codigo-fuente/  have been purged, triggered by action: edit_terms 
[2024-12-16 12:52:53 : INFO] - Cache for term page with URL: https://www.adventistas.org/es/posibilidades/xtt-pa-projetos/miercoles-de-poder/  have been purged, triggered by action: edit_terms 
[2024-12-16 12:52:53 : INFO] - Cache for term page with URL: https://www.adventistas.org/es/posibilidades/xtt-pa-projetos/ministerio-de-caballeros/  have been purged, triggered by action: edit_terms 
[2024-12-16 12:52:53 : INFO] - Cache for term page with URL: https://www.adventistas.org/es/posibilidades/xtt-pa-projetos/ministerio-de-la-recepcion/  have been purged, triggered by action: edit_terms 
[2024-12-16 12:52:53 : INFO] - Cache for term page with URL: https://www.adventistas.org/es/posibilidades/xtt-pa-projetos/ministerio-del-servicio/  have been purged, triggered by action: edit_terms 
[2024-12-16 12:52:54 : INFO] - Cache for term page with URL: https://www.adventistas.org/es/posibilidades/xtt-pa-projetos/minutos-de-salud/  have been purged, triggered by action: edit_terms 
[2024-12-16 12:52:54 : INFO] - Cache for term page with URL: https://www.adventistas.org/es/posibilidades/xtt-pa-projetos/mision-caleb/  have been purged, triggered by action: edit_terms 
[2024-12-16 12:52:54 : INFO] - Cache for term page with URL: https://www.adventistas.org/es/posibilidades/xtt-pa-projetos/mision-rescate/  have been purged, triggered by action: edit_terms 
[2024-12-16 12:52:54 : INFO] - Cache for term page with URL: https://www.adventistas.org/es/posibilidades/xtt-pa-projetos/muevase-por-la-vida/  have been purged, triggered by action: edit_terms 
[2024-12-16 12:52:54 : INFO] - Cache for term page with URL: https://www.adventistas.org/es/posibilidades/xtt-pa-projetos/multiplique-esperanza/  have been purged, triggered by action: edit_terms 
[2024-12-16 12:52:54 : INFO] - Cache for term page with URL: https://www.adventistas.org/es/posibilidades/xtt-pa-projetos/omc-orientaciones-del-ministerio-de-conquistadores/  have been purged, triggered by action: edit_terms 
[2024-12-16 12:52:54 : INFO] - Cache for term page with URL: https://www.adventistas.org/es/posibilidades/xtt-pa-projetos/oraciones-que-sustentan/  have been purged, triggered by action: edit_terms 
[2024-12-16 12:52:54 : INFO] - Cache for term page with URL: https://www.adventistas.org/es/posibilidades/xtt-pa-projetos/orar-para-salvar/  have been purged, triggered by action: edit_terms 
[2024-12-16 12:52:54 : INFO] - Cache for term page with URL: https://www.adventistas.org/es/posibilidades/xtt-pa-projetos/pac-com/  have been purged, triggered by action: edit_terms 
[2024-12-16 12:52:54 : INFO] - Cache for term page with URL: https://www.adventistas.org/es/posibilidades/xtt-pa-projetos/padres-de-esperanza/  have been purged, triggered by action: edit_terms 
[2024-12-16 12:52:54 : INFO] - Cache for term page with URL: https://www.adventistas.org/es/posibilidades/xtt-pa-projetos/parejas-misioneras/  have been purged, triggered by action: edit_terms 
[2024-12-16 12:52:54 : INFO] - Cache for term page with URL: https://www.adventistas.org/es/posibilidades/xtt-pa-projetos/pioneros/  have been purged, triggered by action: edit_terms 
[2024-12-16 12:52:54 : INFO] - Cache for term page with URL: https://www.adventistas.org/es/posibilidades/xtt-pa-projetos/plantacion-de-iglesias/  have been purged, triggered by action: edit_terms 
[2024-12-16 12:52:54 : INFO] - Cache for term page with URL: https://www.adventistas.org/es/posibilidades/xtt-pa-projetos/portal-del-pastor/  have been purged, triggered by action: edit_terms 
[2024-12-16 12:52:54 : INFO] - Cache for term page with URL: https://www.adventistas.org/es/posibilidades/xtt-pa-projetos/primero-dios/  have been purged, triggered by action: edit_terms 
[2024-12-16 12:52:54 : INFO] - Cache for term page with URL: https://www.adventistas.org/es/posibilidades/xtt-pa-projetos/probad-y-ved/  have been purged, triggered by action: edit_terms 
[2024-12-16 12:52:55 : INFO] - Cache for term page with URL: https://www.adventistas.org/es/posibilidades/xtt-pa-projetos/proyecto-huellas/  have been purged, triggered by action: edit_terms 
[2024-12-16 12:52:55 : INFO] - Cache for term page with URL: https://www.adventistas.org/es/posibilidades/xtt-pa-projetos/proyecto-mana/  have been purged, triggered by action: edit_terms 
[2024-12-16 12:52:55 : INFO] - Cache for term page with URL: https://www.adventistas.org/es/posibilidades/xtt-pa-projetos/puentes-de-esperanza/  have been purged, triggered by action: edit_terms 
[2024-12-16 12:52:55 : INFO] - Cache for term page with URL: https://www.adventistas.org/es/posibilidades/xtt-pa-projetos/reavivados-por-su-palabra/  have been purged, triggered by action: edit_terms 
[2024-12-16 12:52:55 : INFO] - Cache for term page with URL: https://www.adventistas.org/es/posibilidades/xtt-pa-projetos/reencuentro/  have been purged, triggered by action: edit_terms 
[2024-12-16 12:52:55 : INFO] - Cache for term page with URL: https://www.adventistas.org/es/posibilidades/xtt-pa-projetos/renacer/  have been purged, triggered by action: edit_terms 
[2024-12-16 12:52:55 : INFO] - Cache for term page with URL: https://www.adventistas.org/es/posibilidades/xtt-pa-projetos/revista-accion-joven/  have been purged, triggered by action: edit_terms 
[2024-12-16 12:52:55 : INFO] - Cache for term page with URL: https://www.adventistas.org/es/posibilidades/xtt-pa-projetos/revive-i/  have been purged, triggered by action: edit_terms 
[2024-12-16 12:52:55 : INFO] - Cache for term page with URL: https://www.adventistas.org/es/posibilidades/xtt-pa-projetos/revive-ii/  have been purged, triggered by action: edit_terms 
[2024-12-16 12:52:55 : INFO] - Cache for term page with URL: https://www.adventistas.org/es/posibilidades/xtt-pa-projetos/revive-iii/  have been purged, triggered by action: edit_terms 
[2024-12-16 12:52:55 : INFO] - Cache for term page with URL: https://www.adventistas.org/es/posibilidades/xtt-pa-projetos/rmc-renovacion-de-matrimonios-con-cristo/  have been purged, triggered by action: edit_terms 
[2024-12-16 12:52:55 : INFO] - Cache for term page with URL: https://www.adventistas.org/es/posibilidades/xtt-pa-projetos/rompiendo-el-silencio/  have been purged, triggered by action: edit_terms 
[2024-12-16 12:52:55 : INFO] - Cache for term page with URL: https://www.adventistas.org/es/posibilidades/xtt-pa-projetos/see-seminario-de-enriquecimiento-espiritual/  have been purged, triggered by action: edit_terms 
[2024-12-16 12:52:55 : INFO] - Cache for term page with URL: https://www.adventistas.org/es/posibilidades/xtt-pa-projetos/semana-de-la-familia/  have been purged, triggered by action: edit_terms 
[2024-12-16 12:52:55 : INFO] - Cache for term page with URL: https://www.adventistas.org/es/posibilidades/xtt-pa-projetos/semana-de-mayordomia-cristiana/  have been purged, triggered by action: edit_terms 
[2024-12-16 12:52:56 : INFO] - Cache for term page with URL: https://www.adventistas.org/es/posibilidades/xtt-pa-projetos/semana-de-oracion-joven/  have been purged, triggered by action: edit_terms 
[2024-12-16 12:52:56 : INFO] - Cache for term page with URL: https://www.adventistas.org/es/posibilidades/xtt-pa-projetos/semana-santa/  have been purged, triggered by action: edit_terms 
[2024-12-16 12:52:56 : INFO] - Cache for term page with URL: https://www.adventistas.org/es/posibilidades/xtt-pa-projetos/simposio-toques-de-esperanza/  have been purged, triggered by action: edit_terms 
[2024-12-16 12:52:56 : INFO] - Cache for term page with URL: https://www.adventistas.org/es/posibilidades/xtt-pa-projetos/suena-en-grande/  have been purged, triggered by action: edit_terms 
[2024-12-16 12:52:56 : INFO] - Cache for term page with URL: https://www.adventistas.org/es/posibilidades/xtt-pa-projetos/un-ano-en-mision/  have been purged, triggered by action: edit_terms 
[2024-12-16 12:52:56 : INFO] - Cache for term page with URL: https://www.adventistas.org/es/posibilidades/xtt-pa-projetos/vida-por-vidas/  have been purged, triggered by action: edit_terms 
[2024-12-16 12:52:56 : INFO] - Cache for term page with URL: https://www.adventistas.org/es/posibilidades/xtt-pa-projetos/viva-con-esperanza/  have been purged, triggered by action: edit_terms 
[2024-12-16 12:52:56 : INFO] - Cache for term page with URL: https://www.adventistas.org/es/posibilidades/xtt-pa-projetos/yo-conozco-mi-historia/  have been purged, triggered by action: edit_terms 
[2024-12-16 12:52:56 : INFO] - Cache for term page with URL: https://www.adventistas.org/es/posibilidades/xtt-pa-projetos/yo-pienso-asi/  have been purged, triggered by action: edit_terms 
[2024-12-16 12:52:56 : INFO] - Cache for term page with URL: https://www.adventistas.org/es/posibilidades/xtt-pa-projetos/campori-2014/  have been purged, triggered by action: edit_terms 
[2024-12-16 12:52:56 : INFO] - Cache for term page with URL: https://www.adventistas.org/es/posibilidades/xtt-pa-projetos/encuentro-de-padres-2013/  have been purged, triggered by action: edit_terms 
[2024-12-16 12:52:56 : INFO] - Cache for term page with URL: https://www.adventistas.org/es/posibilidades/xtt-pa-projetos/encuentro-de-padres-2014/  have been purged, triggered by action: edit_terms 
[2024-12-16 12:52:56 : INFO] - Cache for term page with URL: https://www.adventistas.org/es/posibilidades/xtt-pa-projetos/impacto-esperanza-2013/  have been purged, triggered by action: edit_terms 
[2024-12-16 12:52:56 : INFO] - Cache for term page with URL: https://www.adventistas.org/es/posibilidades/xtt-pa-projetos/impacto-esperanza-2014/  have been purged, triggered by action: edit_terms 
[2024-12-16 12:52:56 : INFO] - Cache for term page with URL: https://www.adventistas.org/es/posibilidades/xtt-pa-projetos/impacto-esperanza-2015/  have been purged, triggered by action: edit_terms 
[2024-12-16 12:52:56 : INFO] - Cache for term page with URL: https://www.adventistas.org/es/posibilidades/xtt-pa-projetos/impacto-esperanza-2016/  have been purged, triggered by action: edit_terms 
[2024-12-16 12:52:57 : INFO] - Cache for term page with URL: https://www.adventistas.org/es/posibilidades/xtt-pa-projetos/semana-santa-2012/  have been purged, triggered by action: edit_terms 
[2024-12-16 12:52:57 : INFO] - Cache for term page with URL: https://www.adventistas.org/es/posibilidades/xtt-pa-projetos/semana-santa-2013/  have been purged, triggered by action: edit_terms 
[2024-12-16 12:52:57 : INFO] - Cache for term page with URL: https://www.adventistas.org/es/posibilidades/xtt-pa-projetos/semana-santa-2014/  have been purged, triggered by action: edit_terms 
[2024-12-16 12:52:57 : INFO] - Cache for term page with URL: https://www.adventistas.org/es/posibilidades/owner-headquarter/division-sudamericana/  have been purged, triggered by action: edit_terms 
[2024-12-16 12:52:57 : INFO] - Cache for term page with URL: https://www.adventistas.org/es/posibilidades/owner-headquarter/union-argentina/  have been purged, triggered by action: edit_terms 
[2024-12-16 12:52:57 : INFO] - Cache for term page with URL: https://www.adventistas.org/es/posibilidades/owner-headquarter/union-boliviana/  have been purged, triggered by action: edit_terms 
[2024-12-16 12:52:57 : INFO] - Cache for term page with URL: https://www.adventistas.org/es/posibilidades/owner-headquarter/union-chilena/  have been purged, triggered by action: edit_terms 
[2024-12-16 12:52:57 : INFO] - Cache for term page with URL: https://www.adventistas.org/es/posibilidades/owner-headquarter/union-ecuatoriana/  have been purged, triggered by action: edit_terms 
[2024-12-16 12:52:57 : INFO] - Cache for term page with URL: https://www.adventistas.org/es/posibilidades/owner-headquarter/union-paraguaya/  have been purged, triggered by action: edit_terms 
[2024-12-16 12:52:57 : INFO] - Cache for term page with URL: https://www.adventistas.org/es/posibilidades/owner-headquarter/union-peruana-del-norte/  have been purged, triggered by action: edit_terms 
[2024-12-16 12:52:57 : INFO] - Cache for term page with URL: https://www.adventistas.org/es/posibilidades/owner-headquarter/union-peruana-del-sur/  have been purged, triggered by action: edit_terms 
[2024-12-16 12:52:57 : INFO] - Cache for term page with URL: https://www.adventistas.org/es/posibilidades/owner-headquarter/union-uruguaya/  have been purged, triggered by action: edit_terms 
[2024-12-16 12:52:57 : INFO] - Cache for term page with URL: https://www.adventistas.org/es/posibilidades/owner-headquarter/asociacion-argentina-central/  have been purged, triggered by action: edit_terms 
[2024-12-16 12:52:57 : INFO] - Cache for term page with URL: https://www.adventistas.org/es/posibilidades/owner-headquarter/asociacion-argentina-del-norte/  have been purged, triggered by action: edit_terms 
[2024-12-16 12:52:57 : INFO] - Cache for term page with URL: https://www.adventistas.org/es/posibilidades/owner-headquarter/asociacion-argentina-del-sur/  have been purged, triggered by action: edit_terms 
[2024-12-16 12:52:57 : INFO] - Cache for term page with URL: https://www.adventistas.org/es/posibilidades/owner-headquarter/asociacion-bonarense/  have been purged, triggered by action: edit_terms 
[2024-12-16 12:52:58 : INFO] - Cache for term page with URL: https://www.adventistas.org/es/posibilidades/owner-headquarter/asociacion-centro-sur-de-chile/  have been purged, triggered by action: edit_terms 
[2024-12-16 12:52:58 : INFO] - Cache for term page with URL: https://www.adventistas.org/es/posibilidades/owner-headquarter/asociacion-metropolitana-de-chile/  have been purged, triggered by action: edit_terms 
[2024-12-16 12:52:58 : INFO] - Cache for term page with URL: https://www.adventistas.org/es/posibilidades/owner-headquarter/asociacion-nor-pacifico-del-peru/  have been purged, triggered by action: edit_terms 
[2024-12-16 12:52:58 : INFO] - Cache for term page with URL: https://www.adventistas.org/es/posibilidades/owner-headquarter/asociacion-norte-de-chile/  have been purged, triggered by action: edit_terms 
[2024-12-16 12:52:58 : INFO] - Cache for term page with URL: https://www.adventistas.org/es/posibilidades/owner-headquarter/asociacion-peruana-central/  have been purged, triggered by action: edit_terms 
[2024-12-16 12:52:58 : INFO] - Cache for term page with URL: https://www.adventistas.org/es/posibilidades/owner-headquarter/asociacion-peruana-central-este/  have been purged, triggered by action: edit_terms 
[2024-12-16 12:52:58 : INFO] - Cache for term page with URL: https://www.adventistas.org/es/posibilidades/owner-headquarter/asociacion-sur-austral-de-chile/  have been purged, triggered by action: edit_terms 
[2024-12-16 12:52:58 : INFO] - Cache for term page with URL: https://www.adventistas.org/es/posibilidades/owner-headquarter/mision-andina-central/  have been purged, triggered by action: edit_terms 
[2024-12-16 12:52:58 : INFO] - Cache for term page with URL: https://www.adventistas.org/es/posibilidades/owner-headquarter/mision-argentina-del-centro-oeste/  have been purged, triggered by action: edit_terms 
[2024-12-16 12:52:58 : INFO] - Cache for term page with URL: https://www.adventistas.org/es/posibilidades/owner-headquarter/mision-argentina-del-noroeste/  have been purged, triggered by action: edit_terms 
[2024-12-16 12:52:58 : INFO] - Cache for term page with URL: https://www.adventistas.org/es/posibilidades/owner-headquarter/mision-boliviana-central/  have been purged, triggered by action: edit_terms 
[2024-12-16 12:52:58 : INFO] - Cache for term page with URL: https://www.adventistas.org/es/posibilidades/owner-headquarter/mision-boliviana-occidental/  have been purged, triggered by action: edit_terms 
[2024-12-16 12:52:58 : INFO] - Cache for term page with URL: https://www.adventistas.org/es/posibilidades/owner-headquarter/mision-boliviana-occidental-norte/  have been purged, triggered by action: edit_terms 
[2024-12-16 12:52:58 : INFO] - Cache for term page with URL: https://www.adventistas.org/es/posibilidades/owner-headquarter/mision-boliviana-occidental-sur/  have been purged, triggered by action: edit_terms 
[2024-12-16 12:52:58 : INFO] - Cache for term page with URL: https://www.adventistas.org/es/posibilidades/owner-headquarter/mision-bonaerense-del-norte/  have been purged, triggered by action: edit_terms 
[2024-12-16 12:52:58 : INFO] - Cache for term page with URL: https://www.adventistas.org/es/posibilidades/owner-headquarter/mision-central-de-chile/  have been purged, triggered by action: edit_terms 
[2024-12-16 12:52:58 : INFO] - Cache for term page with URL: https://www.adventistas.org/es/posibilidades/owner-headquarter/mision-centro-oeste-del-peru/  have been purged, triggered by action: edit_terms 
[2024-12-16 12:52:58 : INFO] - Cache for term page with URL: https://www.adventistas.org/es/posibilidades/owner-headquarter/mision-chilena-del-pacifico/  have been purged, triggered by action: edit_terms 
[2024-12-16 12:52:58 : INFO] - Cache for term page with URL: https://www.adventistas.org/es/posibilidades/owner-headquarter/mision-del-lago-titicaca/  have been purged, triggered by action: edit_terms 
[2024-12-16 12:52:58 : INFO] - Cache for term page with URL: https://www.adventistas.org/es/posibilidades/owner-headquarter/mision-del-oriente-boliviano/  have been purged, triggered by action: edit_terms 
[2024-12-16 12:52:58 : INFO] - Cache for term page with URL: https://www.adventistas.org/es/posibilidades/owner-headquarter/mision-del-oriente-peruano/  have been purged, triggered by action: edit_terms 
[2024-12-16 12:52:58 : INFO] - Cache for term page with URL: https://www.adventistas.org/es/posibilidades/owner-headquarter/mision-ecuatoriana-del-norte/  have been purged, triggered by action: edit_terms 
[2024-12-16 12:52:58 : INFO] - Cache for term page with URL: https://www.adventistas.org/es/posibilidades/owner-headquarter/mision-ecuatoriana-del-sur/  have been purged, triggered by action: edit_terms 
[2024-12-16 12:52:59 : INFO] - Cache for term page with URL: https://www.adventistas.org/es/posibilidades/owner-headquarter/mision-nor-oriental/  have been purged, triggered by action: edit_terms 
[2024-12-16 12:52:59 : INFO] - Cache for term page with URL: https://www.adventistas.org/es/posibilidades/owner-headquarter/mision-peruana-central-sur/  have been purged, triggered by action: edit_terms 
[2024-12-16 12:52:59 : INFO] - Cache for term page with URL: https://www.adventistas.org/es/posibilidades/owner-headquarter/mision-peruana-del-norte/  have been purged, triggered by action: edit_terms 
[2024-12-16 12:52:59 : INFO] - Cache for term page with URL: https://www.adventistas.org/es/posibilidades/owner-headquarter/mision-peruana-del-sur/  have been purged, triggered by action: edit_terms 
[2024-12-16 12:52:59 : INFO] - Cache for term page with URL: https://www.adventistas.org/es/posibilidades/owner-headquarter/mision-sur-metropolitana-de-chile/  have been purged, triggered by action: edit_terms 
[2024-12-16 12:52:59 : INFO] - Cache for term page with URL: https://www.adventistas.org/es/posibilidades/owner-headquarter/mision-sur-oriental-del-peru/  have been purged, triggered by action: edit_terms 
